2021-04-16 20:30:01.620 INFO  com.hins.jdbc.Sp19ShardingJdbcApplication Line:55  - Starting Sp19ShardingJdbcApplication using Java 1.8.0_73 on hins.local with PID 1369 (/Users/chenqixuan/Documents/IntelliJIDEAWorkspace/springboot-learning/sp-19-shardingJdbc/target/classes started by chenqixuan in /Users/chenqixuan/Documents/IntelliJIDEAWorkspace/springboot-learning)
2021-04-16 20:30:01.625 INFO  com.hins.jdbc.Sp19ShardingJdbcApplication Line:664 - The following profiles are active: ds-dev
2021-04-16 20:30:03.299 INFO  org.springframework.boot.web.embedded.tomcat.TomcatWebServer Line:108 - Tomcat initialized with port(s): 8018 (http)
2021-04-16 20:30:03.312 INFO  org.apache.coyote.http11.Http11NioProtocol Line:173 - Initializing ProtocolHandler ["http-nio-8018"]
2021-04-16 20:30:03.313 INFO  org.apache.catalina.core.StandardService Line:173 - Starting service [Tomcat]
2021-04-16 20:30:03.314 INFO  org.apache.catalina.core.StandardEngine Line:173 - Starting Servlet engine: [Apache Tomcat/9.0.41]
2021-04-16 20:30:03.444 INFO  org.apache.catalina.core.ContainerBase.[Tomcat].[localhost].[/db] Line:173 - Initializing Spring embedded WebApplicationContext
2021-04-16 20:30:03.444 INFO  org.springframework.boot.web.servlet.context.ServletWebServerApplicationContext Line:289 - Root WebApplicationContext: initialization completed in 1503 ms
2021-04-16 20:30:04.584 INFO  com.alibaba.druid.pool.DruidDataSource Line:994 - {dataSource-1} inited
2021-04-16 20:30:04.902 INFO  org.apache.shardingsphere.core.log.ConfigurationLogger Line:104 - ShardingRuleConfiguration:
bindingTables:
- order_item
tables:
  order_item:
    actualDataNodes: dsnode1.order_item_${0..1}
    logicTable: order_item
    tableStrategy:
      inline:
        algorithmExpression: order_item_${member_id % 2}
        shardingColumn: member_id

2021-04-16 20:30:04.904 INFO  org.apache.shardingsphere.core.log.ConfigurationLogger Line:104 - Properties:
sql.show: 'true'

2021-04-16 20:30:04.923 INFO  ShardingSphere-metadata Line:131 - Loading 1 logic tables' meta data.
2021-04-16 20:30:04.958 INFO  ShardingSphere-metadata Line:70  - Loading 14 tables' meta data.
2021-04-16 20:30:05.045 INFO  ShardingSphere-metadata Line:59  - Meta data load finished, cost 140 milliseconds.
2021-04-16 20:30:05.516 INFO  org.springframework.scheduling.concurrent.ThreadPoolTaskExecutor Line:181 - Initializing ExecutorService 'applicationTaskExecutor'
2021-04-16 20:30:05.775 INFO  org.apache.coyote.http11.Http11NioProtocol Line:173 - Starting ProtocolHandler ["http-nio-8018"]
2021-04-16 20:30:05.808 INFO  org.springframework.boot.web.embedded.tomcat.TomcatWebServer Line:220 - Tomcat started on port(s): 8018 (http) with context path '/db'
2021-04-16 20:30:05.822 INFO  com.hins.jdbc.Sp19ShardingJdbcApplication Line:61  - Started Sp19ShardingJdbcApplication in 5.872 seconds (JVM running for 8.136)
2021-04-16 20:34:11.940 INFO  org.apache.catalina.core.ContainerBase.[Tomcat].[localhost].[/db] Line:173 - Initializing Spring DispatcherServlet 'dispatcherServlet'
2021-04-16 20:34:11.940 INFO  org.springframework.web.servlet.DispatcherServlet Line:525 - Initializing Servlet 'dispatcherServlet'
2021-04-16 20:34:11.942 INFO  org.springframework.web.servlet.DispatcherServlet Line:547 - Completed initialization in 2 ms
2021-04-16 20:34:12.719 INFO  ShardingSphere-SQL Line:74  - Logic SQL: SELECT COUNT(1) FROM order_item WHERE (price < ?)
2021-04-16 20:34:12.719 INFO  ShardingSphere-SQL Line:74  - SQLStatement: SelectStatementContext(super=CommonSQLStatementContext(sqlStatement=org.apache.shardingsphere.sql.parser.sql.statement.dml.SelectStatement@1de00241, tablesContext=org.apache.shardingsphere.sql.parser.binder.segment.table.TablesContext@66f6d02f), tablesContext=org.apache.shardingsphere.sql.parser.binder.segment.table.TablesContext@66f6d02f, projectionsContext=ProjectionsContext(startIndex=7, stopIndex=14, distinctRow=false, projections=[AggregationProjection(type=COUNT, innerExpression=(1), alias=Optional.empty, derivedAggregationProjections=[], index=-1)]), groupByContext=org.apache.shardingsphere.sql.parser.binder.segment.select.groupby.GroupByContext@4a460903, orderByContext=org.apache.shardingsphere.sql.parser.binder.segment.select.orderby.OrderByContext@62d8e347, paginationContext=org.apache.shardingsphere.sql.parser.binder.segment.select.pagination.PaginationContext@7f370757, containsSubquery=false)
2021-04-16 20:34:12.720 INFO  ShardingSphere-SQL Line:74  - Actual SQL: dsnode1 ::: SELECT COUNT(1) FROM order_item_0 WHERE (price < ?) ::: [4]
2021-04-16 20:34:12.720 INFO  ShardingSphere-SQL Line:74  - Actual SQL: dsnode1 ::: SELECT COUNT(1) FROM order_item_1 WHERE (price < ?) ::: [4]
2021-04-16 20:34:12.797 INFO  ShardingSphere-SQL Line:74  - Logic SQL: SELECT  order_id,spu_id,spu_name,sku_id,sku_name,sku_pic,price,real_amount,coupon_code,coupon_amount,promotion_amount,quantity,weight,first_category_id,first_category_name,second_category_id,second_category_name,bar_code,update_time,member_id,state_describe  FROM order_item 
 
 WHERE (price < ?) LIMIT ?
2021-04-16 20:34:12.797 INFO  ShardingSphere-SQL Line:74  - SQLStatement: SelectStatementContext(super=CommonSQLStatementContext(sqlStatement=org.apache.shardingsphere.sql.parser.sql.statement.dml.SelectStatement@69eddadc, tablesContext=org.apache.shardingsphere.sql.parser.binder.segment.table.TablesContext@776007d5), tablesContext=org.apache.shardingsphere.sql.parser.binder.segment.table.TablesContext@776007d5, projectionsContext=ProjectionsContext(startIndex=8, stopIndex=256, distinctRow=false, projections=[ColumnProjection(owner=null, name=order_id, alias=Optional.empty), ColumnProjection(owner=null, name=spu_id, alias=Optional.empty), ColumnProjection(owner=null, name=spu_name, alias=Optional.empty), ColumnProjection(owner=null, name=sku_id, alias=Optional.empty), ColumnProjection(owner=null, name=sku_name, alias=Optional.empty), ColumnProjection(owner=null, name=sku_pic, alias=Optional.empty), ColumnProjection(owner=null, name=price, alias=Optional.empty), ColumnProjection(owner=null, name=real_amount, alias=Optional.empty), ColumnProjection(owner=null, name=coupon_code, alias=Optional.empty), ColumnProjection(owner=null, name=coupon_amount, alias=Optional.empty), ColumnProjection(owner=null, name=promotion_amount, alias=Optional.empty), ColumnProjection(owner=null, name=quantity, alias=Optional.empty), ColumnProjection(owner=null, name=weight, alias=Optional.empty), ColumnProjection(owner=null, name=first_category_id, alias=Optional.empty), ColumnProjection(owner=null, name=first_category_name, alias=Optional.empty), ColumnProjection(owner=null, name=second_category_id, alias=Optional.empty), ColumnProjection(owner=null, name=second_category_name, alias=Optional.empty), ColumnProjection(owner=null, name=bar_code, alias=Optional.empty), ColumnProjection(owner=null, name=update_time, alias=Optional.empty), ColumnProjection(owner=null, name=member_id, alias=Optional.empty), ColumnProjection(owner=null, name=state_describe, alias=Optional.empty)]), groupByContext=org.apache.shardingsphere.sql.parser.binder.segment.select.groupby.GroupByContext@70a68a0c, orderByContext=org.apache.shardingsphere.sql.parser.binder.segment.select.orderby.OrderByContext@b23475f, paginationContext=org.apache.shardingsphere.sql.parser.binder.segment.select.pagination.PaginationContext@c1f57dd, containsSubquery=false)
2021-04-16 20:34:12.798 INFO  ShardingSphere-SQL Line:74  - Actual SQL: dsnode1 ::: SELECT  order_id,spu_id,spu_name,sku_id,sku_name,sku_pic,price,real_amount,coupon_code,coupon_amount,promotion_amount,quantity,weight,first_category_id,first_category_name,second_category_id,second_category_name,bar_code,update_time,member_id,state_describe  FROM order_item_0 
 
 WHERE (price < ?) LIMIT ? ::: [4, 5]
2021-04-16 20:34:12.798 INFO  ShardingSphere-SQL Line:74  - Actual SQL: dsnode1 ::: SELECT  order_id,spu_id,spu_name,sku_id,sku_name,sku_pic,price,real_amount,coupon_code,coupon_amount,promotion_amount,quantity,weight,first_category_id,first_category_name,second_category_id,second_category_name,bar_code,update_time,member_id,state_describe  FROM order_item_1 
 
 WHERE (price < ?) LIMIT ? ::: [4, 5]
2021-04-16 20:36:36.012 INFO  org.springframework.scheduling.concurrent.ThreadPoolTaskExecutor Line:218 - Shutting down ExecutorService 'applicationTaskExecutor'
2021-04-16 20:36:36.012 INFO  com.alibaba.druid.pool.DruidDataSource Line:2029 - {dataSource-1} closing ...
2021-04-16 20:36:36.017 INFO  com.alibaba.druid.pool.DruidDataSource Line:2101 - {dataSource-1} closed
2021-04-16 20:36:36.018 INFO  com.alibaba.druid.pool.DruidDataSource Line:2029 - {dataSource-1} closing ...
2021-04-16 20:36:36.019 INFO  com.alibaba.druid.pool.DruidDataSource Line:2029 - {dataSource-0} closing ...
2021-04-16 20:36:41.744 INFO  com.hins.jdbc.Sp19ShardingJdbcApplication Line:55  - Starting Sp19ShardingJdbcApplication using Java 1.8.0_73 on hins.local with PID 1620 (/Users/chenqixuan/Documents/IntelliJIDEAWorkspace/springboot-learning/sp-19-shardingJdbc/target/classes started by chenqixuan in /Users/chenqixuan/Documents/IntelliJIDEAWorkspace/springboot-learning)
2021-04-16 20:36:41.748 INFO  com.hins.jdbc.Sp19ShardingJdbcApplication Line:664 - The following profiles are active: ds-dev
2021-04-16 20:36:43.448 INFO  org.springframework.boot.web.embedded.tomcat.TomcatWebServer Line:108 - Tomcat initialized with port(s): 8018 (http)
2021-04-16 20:36:43.457 INFO  org.apache.coyote.http11.Http11NioProtocol Line:173 - Initializing ProtocolHandler ["http-nio-8018"]
2021-04-16 20:36:43.458 INFO  org.apache.catalina.core.StandardService Line:173 - Starting service [Tomcat]
2021-04-16 20:36:43.459 INFO  org.apache.catalina.core.StandardEngine Line:173 - Starting Servlet engine: [Apache Tomcat/9.0.41]
2021-04-16 20:36:43.531 INFO  org.apache.catalina.core.ContainerBase.[Tomcat].[localhost].[/db] Line:173 - Initializing Spring embedded WebApplicationContext
2021-04-16 20:36:43.532 INFO  org.springframework.boot.web.servlet.context.ServletWebServerApplicationContext Line:289 - Root WebApplicationContext: initialization completed in 1521 ms
2021-04-16 20:36:44.271 INFO  com.alibaba.druid.pool.DruidDataSource Line:994 - {dataSource-1} inited
2021-04-16 20:36:44.456 INFO  org.apache.shardingsphere.core.log.ConfigurationLogger Line:104 - ShardingRuleConfiguration:
bindingTables:
- order_item
tables:
  order_item:
    actualDataNodes: dsnode1.order_item_${0..1}
    logicTable: order_item
    tableStrategy:
      inline:
        algorithmExpression: order_item_${member_id % 2}
        shardingColumn: member_id

2021-04-16 20:36:44.458 INFO  org.apache.shardingsphere.core.log.ConfigurationLogger Line:104 - Properties:
sql.show: 'true'

2021-04-16 20:36:44.470 INFO  ShardingSphere-metadata Line:131 - Loading 1 logic tables' meta data.
2021-04-16 20:36:44.498 INFO  ShardingSphere-metadata Line:70  - Loading 14 tables' meta data.
2021-04-16 20:36:44.593 INFO  ShardingSphere-metadata Line:59  - Meta data load finished, cost 135 milliseconds.
2021-04-16 20:36:44.848 INFO  org.springframework.scheduling.concurrent.ThreadPoolTaskExecutor Line:181 - Initializing ExecutorService 'applicationTaskExecutor'
2021-04-16 20:36:45.095 INFO  org.apache.coyote.http11.Http11NioProtocol Line:173 - Starting ProtocolHandler ["http-nio-8018"]
2021-04-16 20:36:45.121 INFO  org.springframework.boot.web.embedded.tomcat.TomcatWebServer Line:220 - Tomcat started on port(s): 8018 (http) with context path '/db'
2021-04-16 20:36:45.132 INFO  com.hins.jdbc.Sp19ShardingJdbcApplication Line:61  - Started Sp19ShardingJdbcApplication in 4.18 seconds (JVM running for 5.125)
2021-04-16 20:37:31.019 INFO  org.springframework.scheduling.concurrent.ThreadPoolTaskExecutor Line:218 - Shutting down ExecutorService 'applicationTaskExecutor'
2021-04-16 20:37:31.021 INFO  com.alibaba.druid.pool.DruidDataSource Line:2029 - {dataSource-1} closing ...
2021-04-16 20:37:31.028 INFO  com.alibaba.druid.pool.DruidDataSource Line:2101 - {dataSource-1} closed
2021-04-16 20:37:31.028 INFO  com.alibaba.druid.pool.DruidDataSource Line:2029 - {dataSource-1} closing ...
2021-04-16 20:37:31.029 INFO  com.alibaba.druid.pool.DruidDataSource Line:2029 - {dataSource-0} closing ...
2021-04-16 20:37:34.463 INFO  com.hins.jdbc.Sp19ShardingJdbcApplication Line:55  - Starting Sp19ShardingJdbcApplication using Java 1.8.0_73 on hins.local with PID 1655 (/Users/chenqixuan/Documents/IntelliJIDEAWorkspace/springboot-learning/sp-19-shardingJdbc/target/classes started by chenqixuan in /Users/chenqixuan/Documents/IntelliJIDEAWorkspace/springboot-learning)
2021-04-16 20:37:34.467 INFO  com.hins.jdbc.Sp19ShardingJdbcApplication Line:664 - The following profiles are active: ds-dev
2021-04-16 20:37:35.853 INFO  org.springframework.boot.web.embedded.tomcat.TomcatWebServer Line:108 - Tomcat initialized with port(s): 8018 (http)
2021-04-16 20:37:35.861 INFO  org.apache.coyote.http11.Http11NioProtocol Line:173 - Initializing ProtocolHandler ["http-nio-8018"]
2021-04-16 20:37:35.862 INFO  org.apache.catalina.core.StandardService Line:173 - Starting service [Tomcat]
2021-04-16 20:37:35.863 INFO  org.apache.catalina.core.StandardEngine Line:173 - Starting Servlet engine: [Apache Tomcat/9.0.41]
2021-04-16 20:37:35.932 INFO  org.apache.catalina.core.ContainerBase.[Tomcat].[localhost].[/db] Line:173 - Initializing Spring embedded WebApplicationContext
2021-04-16 20:37:35.933 INFO  org.springframework.boot.web.servlet.context.ServletWebServerApplicationContext Line:289 - Root WebApplicationContext: initialization completed in 1158 ms
2021-04-16 20:37:36.633 INFO  com.alibaba.druid.pool.DruidDataSource Line:994 - {dataSource-1} inited
2021-04-16 20:37:36.824 INFO  org.apache.shardingsphere.core.log.ConfigurationLogger Line:104 - ShardingRuleConfiguration:
bindingTables:
- order_item
tables:
  order_item:
    actualDataNodes: dsnode1.order_item_${0..1}
    logicTable: order_item
    tableStrategy:
      inline:
        algorithmExpression: order_item_${member_id % 2}
        shardingColumn: member_id

2021-04-16 20:37:36.826 INFO  org.apache.shardingsphere.core.log.ConfigurationLogger Line:104 - Properties:
sql.show: 'true'

2021-04-16 20:37:36.840 INFO  ShardingSphere-metadata Line:131 - Loading 1 logic tables' meta data.
2021-04-16 20:37:36.868 INFO  ShardingSphere-metadata Line:70  - Loading 14 tables' meta data.
2021-04-16 20:37:36.949 INFO  ShardingSphere-metadata Line:59  - Meta data load finished, cost 122 milliseconds.
2021-04-16 20:37:37.206 INFO  org.springframework.scheduling.concurrent.ThreadPoolTaskExecutor Line:181 - Initializing ExecutorService 'applicationTaskExecutor'
2021-04-16 20:37:37.398 INFO  org.apache.coyote.http11.Http11NioProtocol Line:173 - Starting ProtocolHandler ["http-nio-8018"]
2021-04-16 20:37:37.425 INFO  org.springframework.boot.web.embedded.tomcat.TomcatWebServer Line:220 - Tomcat started on port(s): 8018 (http) with context path '/db'
2021-04-16 20:37:37.436 INFO  com.hins.jdbc.Sp19ShardingJdbcApplication Line:61  - Started Sp19ShardingJdbcApplication in 3.561 seconds (JVM running for 4.294)
2021-04-16 20:37:48.770 INFO  org.apache.catalina.core.ContainerBase.[Tomcat].[localhost].[/db] Line:173 - Initializing Spring DispatcherServlet 'dispatcherServlet'
2021-04-16 20:37:48.770 INFO  org.springframework.web.servlet.DispatcherServlet Line:525 - Initializing Servlet 'dispatcherServlet'
2021-04-16 20:37:48.771 INFO  org.springframework.web.servlet.DispatcherServlet Line:547 - Completed initialization in 1 ms
2021-04-16 20:37:49.458 INFO  ShardingSphere-SQL Line:74  - Logic SQL: SELECT COUNT(1) FROM order_item WHERE (price < ?)
2021-04-16 20:37:49.459 INFO  ShardingSphere-SQL Line:74  - SQLStatement: SelectStatementContext(super=CommonSQLStatementContext(sqlStatement=org.apache.shardingsphere.sql.parser.sql.statement.dml.SelectStatement@4ebb94a7, tablesContext=org.apache.shardingsphere.sql.parser.binder.segment.table.TablesContext@1e81b57f), tablesContext=org.apache.shardingsphere.sql.parser.binder.segment.table.TablesContext@1e81b57f, projectionsContext=ProjectionsContext(startIndex=7, stopIndex=14, distinctRow=false, projections=[AggregationProjection(type=COUNT, innerExpression=(1), alias=Optional.empty, derivedAggregationProjections=[], index=-1)]), groupByContext=org.apache.shardingsphere.sql.parser.binder.segment.select.groupby.GroupByContext@2d04abaa, orderByContext=org.apache.shardingsphere.sql.parser.binder.segment.select.orderby.OrderByContext@270853e5, paginationContext=org.apache.shardingsphere.sql.parser.binder.segment.select.pagination.PaginationContext@3584f50f, containsSubquery=false)
2021-04-16 20:37:49.459 INFO  ShardingSphere-SQL Line:74  - Actual SQL: dsnode1 ::: SELECT COUNT(1) FROM order_item_0 WHERE (price < ?) ::: [4]
2021-04-16 20:37:49.459 INFO  ShardingSphere-SQL Line:74  - Actual SQL: dsnode1 ::: SELECT COUNT(1) FROM order_item_1 WHERE (price < ?) ::: [4]
2021-04-16 20:37:49.520 INFO  ShardingSphere-SQL Line:74  - Logic SQL: SELECT  order_id,spu_id,spu_name,sku_id,sku_name,sku_pic,price,real_amount,coupon_code,coupon_amount,promotion_amount,quantity,weight,first_category_id,first_category_name,second_category_id,second_category_name,bar_code,update_time,member_id,state_describe  FROM order_item 
 
 WHERE (price < ?) LIMIT ?
2021-04-16 20:37:49.520 INFO  ShardingSphere-SQL Line:74  - SQLStatement: SelectStatementContext(super=CommonSQLStatementContext(sqlStatement=org.apache.shardingsphere.sql.parser.sql.statement.dml.SelectStatement@59d8c28, tablesContext=org.apache.shardingsphere.sql.parser.binder.segment.table.TablesContext@595d0c01), tablesContext=org.apache.shardingsphere.sql.parser.binder.segment.table.TablesContext@595d0c01, projectionsContext=ProjectionsContext(startIndex=8, stopIndex=256, distinctRow=false, projections=[ColumnProjection(owner=null, name=order_id, alias=Optional.empty), ColumnProjection(owner=null, name=spu_id, alias=Optional.empty), ColumnProjection(owner=null, name=spu_name, alias=Optional.empty), ColumnProjection(owner=null, name=sku_id, alias=Optional.empty), ColumnProjection(owner=null, name=sku_name, alias=Optional.empty), ColumnProjection(owner=null, name=sku_pic, alias=Optional.empty), ColumnProjection(owner=null, name=price, alias=Optional.empty), ColumnProjection(owner=null, name=real_amount, alias=Optional.empty), ColumnProjection(owner=null, name=coupon_code, alias=Optional.empty), ColumnProjection(owner=null, name=coupon_amount, alias=Optional.empty), ColumnProjection(owner=null, name=promotion_amount, alias=Optional.empty), ColumnProjection(owner=null, name=quantity, alias=Optional.empty), ColumnProjection(owner=null, name=weight, alias=Optional.empty), ColumnProjection(owner=null, name=first_category_id, alias=Optional.empty), ColumnProjection(owner=null, name=first_category_name, alias=Optional.empty), ColumnProjection(owner=null, name=second_category_id, alias=Optional.empty), ColumnProjection(owner=null, name=second_category_name, alias=Optional.empty), ColumnProjection(owner=null, name=bar_code, alias=Optional.empty), ColumnProjection(owner=null, name=update_time, alias=Optional.empty), ColumnProjection(owner=null, name=member_id, alias=Optional.empty), ColumnProjection(owner=null, name=state_describe, alias=Optional.empty)]), groupByContext=org.apache.shardingsphere.sql.parser.binder.segment.select.groupby.GroupByContext@62bd383e, orderByContext=org.apache.shardingsphere.sql.parser.binder.segment.select.orderby.OrderByContext@3d7cfd11, paginationContext=org.apache.shardingsphere.sql.parser.binder.segment.select.pagination.PaginationContext@5469ca5a, containsSubquery=false)
2021-04-16 20:37:49.520 INFO  ShardingSphere-SQL Line:74  - Actual SQL: dsnode1 ::: SELECT  order_id,spu_id,spu_name,sku_id,sku_name,sku_pic,price,real_amount,coupon_code,coupon_amount,promotion_amount,quantity,weight,first_category_id,first_category_name,second_category_id,second_category_name,bar_code,update_time,member_id,state_describe  FROM order_item_0 
 
 WHERE (price < ?) LIMIT ? ::: [4, 2]
2021-04-16 20:37:49.521 INFO  ShardingSphere-SQL Line:74  - Actual SQL: dsnode1 ::: SELECT  order_id,spu_id,spu_name,sku_id,sku_name,sku_pic,price,real_amount,coupon_code,coupon_amount,promotion_amount,quantity,weight,first_category_id,first_category_name,second_category_id,second_category_name,bar_code,update_time,member_id,state_describe  FROM order_item_1 
 
 WHERE (price < ?) LIMIT ? ::: [4, 2]
2021-04-16 20:38:06.483 INFO  ShardingSphere-SQL Line:74  - Logic SQL: SELECT COUNT(1) FROM order_item WHERE (price < ?)
2021-04-16 20:38:06.484 INFO  ShardingSphere-SQL Line:74  - SQLStatement: SelectStatementContext(super=CommonSQLStatementContext(sqlStatement=org.apache.shardingsphere.sql.parser.sql.statement.dml.SelectStatement@4ebb94a7, tablesContext=org.apache.shardingsphere.sql.parser.binder.segment.table.TablesContext@7786b377), tablesContext=org.apache.shardingsphere.sql.parser.binder.segment.table.TablesContext@7786b377, projectionsContext=ProjectionsContext(startIndex=7, stopIndex=14, distinctRow=false, projections=[AggregationProjection(type=COUNT, innerExpression=(1), alias=Optional.empty, derivedAggregationProjections=[], index=-1)]), groupByContext=org.apache.shardingsphere.sql.parser.binder.segment.select.groupby.GroupByContext@328423e3, orderByContext=org.apache.shardingsphere.sql.parser.binder.segment.select.orderby.OrderByContext@39b16b54, paginationContext=org.apache.shardingsphere.sql.parser.binder.segment.select.pagination.PaginationContext@37c7253, containsSubquery=false)
2021-04-16 20:38:06.484 INFO  ShardingSphere-SQL Line:74  - Actual SQL: dsnode1 ::: SELECT COUNT(1) FROM order_item_0 WHERE (price < ?) ::: [4]
2021-04-16 20:38:06.484 INFO  ShardingSphere-SQL Line:74  - Actual SQL: dsnode1 ::: SELECT COUNT(1) FROM order_item_1 WHERE (price < ?) ::: [4]
2021-04-16 20:38:06.487 INFO  ShardingSphere-SQL Line:74  - Logic SQL: SELECT  order_id,spu_id,spu_name,sku_id,sku_name,sku_pic,price,real_amount,coupon_code,coupon_amount,promotion_amount,quantity,weight,first_category_id,first_category_name,second_category_id,second_category_name,bar_code,update_time,member_id,state_describe  FROM order_item 
 
 WHERE (price < ?) LIMIT ?
2021-04-16 20:38:06.488 INFO  ShardingSphere-SQL Line:74  - SQLStatement: SelectStatementContext(super=CommonSQLStatementContext(sqlStatement=org.apache.shardingsphere.sql.parser.sql.statement.dml.SelectStatement@59d8c28, tablesContext=org.apache.shardingsphere.sql.parser.binder.segment.table.TablesContext@fceec1), tablesContext=org.apache.shardingsphere.sql.parser.binder.segment.table.TablesContext@fceec1, projectionsContext=ProjectionsContext(startIndex=8, stopIndex=256, distinctRow=false, projections=[ColumnProjection(owner=null, name=order_id, alias=Optional.empty), ColumnProjection(owner=null, name=spu_id, alias=Optional.empty), ColumnProjection(owner=null, name=spu_name, alias=Optional.empty), ColumnProjection(owner=null, name=sku_id, alias=Optional.empty), ColumnProjection(owner=null, name=sku_name, alias=Optional.empty), ColumnProjection(owner=null, name=sku_pic, alias=Optional.empty), ColumnProjection(owner=null, name=price, alias=Optional.empty), ColumnProjection(owner=null, name=real_amount, alias=Optional.empty), ColumnProjection(owner=null, name=coupon_code, alias=Optional.empty), ColumnProjection(owner=null, name=coupon_amount, alias=Optional.empty), ColumnProjection(owner=null, name=promotion_amount, alias=Optional.empty), ColumnProjection(owner=null, name=quantity, alias=Optional.empty), ColumnProjection(owner=null, name=weight, alias=Optional.empty), ColumnProjection(owner=null, name=first_category_id, alias=Optional.empty), ColumnProjection(owner=null, name=first_category_name, alias=Optional.empty), ColumnProjection(owner=null, name=second_category_id, alias=Optional.empty), ColumnProjection(owner=null, name=second_category_name, alias=Optional.empty), ColumnProjection(owner=null, name=bar_code, alias=Optional.empty), ColumnProjection(owner=null, name=update_time, alias=Optional.empty), ColumnProjection(owner=null, name=member_id, alias=Optional.empty), ColumnProjection(owner=null, name=state_describe, alias=Optional.empty)]), groupByContext=org.apache.shardingsphere.sql.parser.binder.segment.select.groupby.GroupByContext@5aa70bfa, orderByContext=org.apache.shardingsphere.sql.parser.binder.segment.select.orderby.OrderByContext@56e5e2be, paginationContext=org.apache.shardingsphere.sql.parser.binder.segment.select.pagination.PaginationContext@21d37fc2, containsSubquery=false)
2021-04-16 20:38:06.488 INFO  ShardingSphere-SQL Line:74  - Actual SQL: dsnode1 ::: SELECT  order_id,spu_id,spu_name,sku_id,sku_name,sku_pic,price,real_amount,coupon_code,coupon_amount,promotion_amount,quantity,weight,first_category_id,first_category_name,second_category_id,second_category_name,bar_code,update_time,member_id,state_describe  FROM order_item_0 
 
 WHERE (price < ?) LIMIT ? ::: [4, 10]
2021-04-16 20:38:06.488 INFO  ShardingSphere-SQL Line:74  - Actual SQL: dsnode1 ::: SELECT  order_id,spu_id,spu_name,sku_id,sku_name,sku_pic,price,real_amount,coupon_code,coupon_amount,promotion_amount,quantity,weight,first_category_id,first_category_name,second_category_id,second_category_name,bar_code,update_time,member_id,state_describe  FROM order_item_1 
 
 WHERE (price < ?) LIMIT ? ::: [4, 10]
2021-04-16 20:38:14.760 INFO  ShardingSphere-SQL Line:74  - Logic SQL: SELECT COUNT(1) FROM order_item WHERE (price < ?)
2021-04-16 20:38:14.761 INFO  ShardingSphere-SQL Line:74  - SQLStatement: SelectStatementContext(super=CommonSQLStatementContext(sqlStatement=org.apache.shardingsphere.sql.parser.sql.statement.dml.SelectStatement@4ebb94a7, tablesContext=org.apache.shardingsphere.sql.parser.binder.segment.table.TablesContext@67b58633), tablesContext=org.apache.shardingsphere.sql.parser.binder.segment.table.TablesContext@67b58633, projectionsContext=ProjectionsContext(startIndex=7, stopIndex=14, distinctRow=false, projections=[AggregationProjection(type=COUNT, innerExpression=(1), alias=Optional.empty, derivedAggregationProjections=[], index=-1)]), groupByContext=org.apache.shardingsphere.sql.parser.binder.segment.select.groupby.GroupByContext@697274b5, orderByContext=org.apache.shardingsphere.sql.parser.binder.segment.select.orderby.OrderByContext@6d4ded43, paginationContext=org.apache.shardingsphere.sql.parser.binder.segment.select.pagination.PaginationContext@284f7e8e, containsSubquery=false)
2021-04-16 20:38:14.761 INFO  ShardingSphere-SQL Line:74  - Actual SQL: dsnode1 ::: SELECT COUNT(1) FROM order_item_0 WHERE (price < ?) ::: [4]
2021-04-16 20:38:14.761 INFO  ShardingSphere-SQL Line:74  - Actual SQL: dsnode1 ::: SELECT COUNT(1) FROM order_item_1 WHERE (price < ?) ::: [4]
2021-04-16 20:38:14.765 INFO  ShardingSphere-SQL Line:74  - Logic SQL: SELECT  order_id,spu_id,spu_name,sku_id,sku_name,sku_pic,price,real_amount,coupon_code,coupon_amount,promotion_amount,quantity,weight,first_category_id,first_category_name,second_category_id,second_category_name,bar_code,update_time,member_id,state_describe  FROM order_item 
 
 WHERE (price < ?) LIMIT ?
2021-04-16 20:38:14.765 INFO  ShardingSphere-SQL Line:74  - SQLStatement: SelectStatementContext(super=CommonSQLStatementContext(sqlStatement=org.apache.shardingsphere.sql.parser.sql.statement.dml.SelectStatement@59d8c28, tablesContext=org.apache.shardingsphere.sql.parser.binder.segment.table.TablesContext@486081c1), tablesContext=org.apache.shardingsphere.sql.parser.binder.segment.table.TablesContext@486081c1, projectionsContext=ProjectionsContext(startIndex=8, stopIndex=256, distinctRow=false, projections=[ColumnProjection(owner=null, name=order_id, alias=Optional.empty), ColumnProjection(owner=null, name=spu_id, alias=Optional.empty), ColumnProjection(owner=null, name=spu_name, alias=Optional.empty), ColumnProjection(owner=null, name=sku_id, alias=Optional.empty), ColumnProjection(owner=null, name=sku_name, alias=Optional.empty), ColumnProjection(owner=null, name=sku_pic, alias=Optional.empty), ColumnProjection(owner=null, name=price, alias=Optional.empty), ColumnProjection(owner=null, name=real_amount, alias=Optional.empty), ColumnProjection(owner=null, name=coupon_code, alias=Optional.empty), ColumnProjection(owner=null, name=coupon_amount, alias=Optional.empty), ColumnProjection(owner=null, name=promotion_amount, alias=Optional.empty), ColumnProjection(owner=null, name=quantity, alias=Optional.empty), ColumnProjection(owner=null, name=weight, alias=Optional.empty), ColumnProjection(owner=null, name=first_category_id, alias=Optional.empty), ColumnProjection(owner=null, name=first_category_name, alias=Optional.empty), ColumnProjection(owner=null, name=second_category_id, alias=Optional.empty), ColumnProjection(owner=null, name=second_category_name, alias=Optional.empty), ColumnProjection(owner=null, name=bar_code, alias=Optional.empty), ColumnProjection(owner=null, name=update_time, alias=Optional.empty), ColumnProjection(owner=null, name=member_id, alias=Optional.empty), ColumnProjection(owner=null, name=state_describe, alias=Optional.empty)]), groupByContext=org.apache.shardingsphere.sql.parser.binder.segment.select.groupby.GroupByContext@2c89a4c6, orderByContext=org.apache.shardingsphere.sql.parser.binder.segment.select.orderby.OrderByContext@5ae7571a, paginationContext=org.apache.shardingsphere.sql.parser.binder.segment.select.pagination.PaginationContext@c4a41, containsSubquery=false)
2021-04-16 20:38:14.765 INFO  ShardingSphere-SQL Line:74  - Actual SQL: dsnode1 ::: SELECT  order_id,spu_id,spu_name,sku_id,sku_name,sku_pic,price,real_amount,coupon_code,coupon_amount,promotion_amount,quantity,weight,first_category_id,first_category_name,second_category_id,second_category_name,bar_code,update_time,member_id,state_describe  FROM order_item_0 
 
 WHERE (price < ?) LIMIT ? ::: [4, 1]
2021-04-16 20:38:14.766 INFO  ShardingSphere-SQL Line:74  - Actual SQL: dsnode1 ::: SELECT  order_id,spu_id,spu_name,sku_id,sku_name,sku_pic,price,real_amount,coupon_code,coupon_amount,promotion_amount,quantity,weight,first_category_id,first_category_name,second_category_id,second_category_name,bar_code,update_time,member_id,state_describe  FROM order_item_1 
 
 WHERE (price < ?) LIMIT ? ::: [4, 1]
2021-04-16 20:38:19.359 INFO  ShardingSphere-SQL Line:74  - Logic SQL: SELECT COUNT(1) FROM order_item WHERE (price < ?)
2021-04-16 20:38:19.360 INFO  ShardingSphere-SQL Line:74  - SQLStatement: SelectStatementContext(super=CommonSQLStatementContext(sqlStatement=org.apache.shardingsphere.sql.parser.sql.statement.dml.SelectStatement@4ebb94a7, tablesContext=org.apache.shardingsphere.sql.parser.binder.segment.table.TablesContext@77feb9ee), tablesContext=org.apache.shardingsphere.sql.parser.binder.segment.table.TablesContext@77feb9ee, projectionsContext=ProjectionsContext(startIndex=7, stopIndex=14, distinctRow=false, projections=[AggregationProjection(type=COUNT, innerExpression=(1), alias=Optional.empty, derivedAggregationProjections=[], index=-1)]), groupByContext=org.apache.shardingsphere.sql.parser.binder.segment.select.groupby.GroupByContext@11c70188, orderByContext=org.apache.shardingsphere.sql.parser.binder.segment.select.orderby.OrderByContext@f7e051b, paginationContext=org.apache.shardingsphere.sql.parser.binder.segment.select.pagination.PaginationContext@40821c84, containsSubquery=false)
2021-04-16 20:38:19.360 INFO  ShardingSphere-SQL Line:74  - Actual SQL: dsnode1 ::: SELECT COUNT(1) FROM order_item_0 WHERE (price < ?) ::: [4]
2021-04-16 20:38:19.360 INFO  ShardingSphere-SQL Line:74  - Actual SQL: dsnode1 ::: SELECT COUNT(1) FROM order_item_1 WHERE (price < ?) ::: [4]
2021-04-16 20:38:19.364 INFO  ShardingSphere-SQL Line:74  - Logic SQL: SELECT  order_id,spu_id,spu_name,sku_id,sku_name,sku_pic,price,real_amount,coupon_code,coupon_amount,promotion_amount,quantity,weight,first_category_id,first_category_name,second_category_id,second_category_name,bar_code,update_time,member_id,state_describe  FROM order_item 
 
 WHERE (price < ?) LIMIT ?
2021-04-16 20:38:19.365 INFO  ShardingSphere-SQL Line:74  - SQLStatement: SelectStatementContext(super=CommonSQLStatementContext(sqlStatement=org.apache.shardingsphere.sql.parser.sql.statement.dml.SelectStatement@59d8c28, tablesContext=org.apache.shardingsphere.sql.parser.binder.segment.table.TablesContext@398df575), tablesContext=org.apache.shardingsphere.sql.parser.binder.segment.table.TablesContext@398df575, projectionsContext=ProjectionsContext(startIndex=8, stopIndex=256, distinctRow=false, projections=[ColumnProjection(owner=null, name=order_id, alias=Optional.empty), ColumnProjection(owner=null, name=spu_id, alias=Optional.empty), ColumnProjection(owner=null, name=spu_name, alias=Optional.empty), ColumnProjection(owner=null, name=sku_id, alias=Optional.empty), ColumnProjection(owner=null, name=sku_name, alias=Optional.empty), ColumnProjection(owner=null, name=sku_pic, alias=Optional.empty), ColumnProjection(owner=null, name=price, alias=Optional.empty), ColumnProjection(owner=null, name=real_amount, alias=Optional.empty), ColumnProjection(owner=null, name=coupon_code, alias=Optional.empty), ColumnProjection(owner=null, name=coupon_amount, alias=Optional.empty), ColumnProjection(owner=null, name=promotion_amount, alias=Optional.empty), ColumnProjection(owner=null, name=quantity, alias=Optional.empty), ColumnProjection(owner=null, name=weight, alias=Optional.empty), ColumnProjection(owner=null, name=first_category_id, alias=Optional.empty), ColumnProjection(owner=null, name=first_category_name, alias=Optional.empty), ColumnProjection(owner=null, name=second_category_id, alias=Optional.empty), ColumnProjection(owner=null, name=second_category_name, alias=Optional.empty), ColumnProjection(owner=null, name=bar_code, alias=Optional.empty), ColumnProjection(owner=null, name=update_time, alias=Optional.empty), ColumnProjection(owner=null, name=member_id, alias=Optional.empty), ColumnProjection(owner=null, name=state_describe, alias=Optional.empty)]), groupByContext=org.apache.shardingsphere.sql.parser.binder.segment.select.groupby.GroupByContext@74312ab3, orderByContext=org.apache.shardingsphere.sql.parser.binder.segment.select.orderby.OrderByContext@461ed45a, paginationContext=org.apache.shardingsphere.sql.parser.binder.segment.select.pagination.PaginationContext@5864308, containsSubquery=false)
2021-04-16 20:38:19.365 INFO  ShardingSphere-SQL Line:74  - Actual SQL: dsnode1 ::: SELECT  order_id,spu_id,spu_name,sku_id,sku_name,sku_pic,price,real_amount,coupon_code,coupon_amount,promotion_amount,quantity,weight,first_category_id,first_category_name,second_category_id,second_category_name,bar_code,update_time,member_id,state_describe  FROM order_item_0 
 
 WHERE (price < ?) LIMIT ? ::: [4, 2]
2021-04-16 20:38:19.365 INFO  ShardingSphere-SQL Line:74  - Actual SQL: dsnode1 ::: SELECT  order_id,spu_id,spu_name,sku_id,sku_name,sku_pic,price,real_amount,coupon_code,coupon_amount,promotion_amount,quantity,weight,first_category_id,first_category_name,second_category_id,second_category_name,bar_code,update_time,member_id,state_describe  FROM order_item_1 
 
 WHERE (price < ?) LIMIT ? ::: [4, 2]
2021-04-16 20:38:36.792 INFO  ShardingSphere-SQL Line:74  - Logic SQL: SELECT COUNT(1) FROM order_item WHERE (price < ?)
2021-04-16 20:38:36.792 INFO  ShardingSphere-SQL Line:74  - SQLStatement: SelectStatementContext(super=CommonSQLStatementContext(sqlStatement=org.apache.shardingsphere.sql.parser.sql.statement.dml.SelectStatement@4ebb94a7, tablesContext=org.apache.shardingsphere.sql.parser.binder.segment.table.TablesContext@2a74826e), tablesContext=org.apache.shardingsphere.sql.parser.binder.segment.table.TablesContext@2a74826e, projectionsContext=ProjectionsContext(startIndex=7, stopIndex=14, distinctRow=false, projections=[AggregationProjection(type=COUNT, innerExpression=(1), alias=Optional.empty, derivedAggregationProjections=[], index=-1)]), groupByContext=org.apache.shardingsphere.sql.parser.binder.segment.select.groupby.GroupByContext@24b37950, orderByContext=org.apache.shardingsphere.sql.parser.binder.segment.select.orderby.OrderByContext@208ce91e, paginationContext=org.apache.shardingsphere.sql.parser.binder.segment.select.pagination.PaginationContext@658e736b, containsSubquery=false)
2021-04-16 20:38:36.793 INFO  ShardingSphere-SQL Line:74  - Actual SQL: dsnode1 ::: SELECT COUNT(1) FROM order_item_0 WHERE (price < ?) ::: [4]
2021-04-16 20:38:36.793 INFO  ShardingSphere-SQL Line:74  - Actual SQL: dsnode1 ::: SELECT COUNT(1) FROM order_item_1 WHERE (price < ?) ::: [4]
2021-04-16 20:38:36.796 INFO  ShardingSphere-SQL Line:74  - Logic SQL: SELECT  order_id,spu_id,spu_name,sku_id,sku_name,sku_pic,price,real_amount,coupon_code,coupon_amount,promotion_amount,quantity,weight,first_category_id,first_category_name,second_category_id,second_category_name,bar_code,update_time,member_id,state_describe  FROM order_item 
 
 WHERE (price < ?) LIMIT ?
2021-04-16 20:38:36.796 INFO  ShardingSphere-SQL Line:74  - SQLStatement: SelectStatementContext(super=CommonSQLStatementContext(sqlStatement=org.apache.shardingsphere.sql.parser.sql.statement.dml.SelectStatement@59d8c28, tablesContext=org.apache.shardingsphere.sql.parser.binder.segment.table.TablesContext@5a18c24), tablesContext=org.apache.shardingsphere.sql.parser.binder.segment.table.TablesContext@5a18c24, projectionsContext=ProjectionsContext(startIndex=8, stopIndex=256, distinctRow=false, projections=[ColumnProjection(owner=null, name=order_id, alias=Optional.empty), ColumnProjection(owner=null, name=spu_id, alias=Optional.empty), ColumnProjection(owner=null, name=spu_name, alias=Optional.empty), ColumnProjection(owner=null, name=sku_id, alias=Optional.empty), ColumnProjection(owner=null, name=sku_name, alias=Optional.empty), ColumnProjection(owner=null, name=sku_pic, alias=Optional.empty), ColumnProjection(owner=null, name=price, alias=Optional.empty), ColumnProjection(owner=null, name=real_amount, alias=Optional.empty), ColumnProjection(owner=null, name=coupon_code, alias=Optional.empty), ColumnProjection(owner=null, name=coupon_amount, alias=Optional.empty), ColumnProjection(owner=null, name=promotion_amount, alias=Optional.empty), ColumnProjection(owner=null, name=quantity, alias=Optional.empty), ColumnProjection(owner=null, name=weight, alias=Optional.empty), ColumnProjection(owner=null, name=first_category_id, alias=Optional.empty), ColumnProjection(owner=null, name=first_category_name, alias=Optional.empty), ColumnProjection(owner=null, name=second_category_id, alias=Optional.empty), ColumnProjection(owner=null, name=second_category_name, alias=Optional.empty), ColumnProjection(owner=null, name=bar_code, alias=Optional.empty), ColumnProjection(owner=null, name=update_time, alias=Optional.empty), ColumnProjection(owner=null, name=member_id, alias=Optional.empty), ColumnProjection(owner=null, name=state_describe, alias=Optional.empty)]), groupByContext=org.apache.shardingsphere.sql.parser.binder.segment.select.groupby.GroupByContext@5140f31c, orderByContext=org.apache.shardingsphere.sql.parser.binder.segment.select.orderby.OrderByContext@e820bd8, paginationContext=org.apache.shardingsphere.sql.parser.binder.segment.select.pagination.PaginationContext@82688a8, containsSubquery=false)
2021-04-16 20:38:36.797 INFO  ShardingSphere-SQL Line:74  - Actual SQL: dsnode1 ::: SELECT  order_id,spu_id,spu_name,sku_id,sku_name,sku_pic,price,real_amount,coupon_code,coupon_amount,promotion_amount,quantity,weight,first_category_id,first_category_name,second_category_id,second_category_name,bar_code,update_time,member_id,state_describe  FROM order_item_0 
 
 WHERE (price < ?) LIMIT ? ::: [4, 2]
2021-04-16 20:38:36.797 INFO  ShardingSphere-SQL Line:74  - Actual SQL: dsnode1 ::: SELECT  order_id,spu_id,spu_name,sku_id,sku_name,sku_pic,price,real_amount,coupon_code,coupon_amount,promotion_amount,quantity,weight,first_category_id,first_category_name,second_category_id,second_category_name,bar_code,update_time,member_id,state_describe  FROM order_item_1 
 
 WHERE (price < ?) LIMIT ? ::: [4, 2]
2021-04-16 20:38:57.215 INFO  ShardingSphere-SQL Line:74  - Logic SQL: SELECT COUNT(1) FROM order_item WHERE (member_id = ? AND price < ?)
2021-04-16 20:38:57.215 INFO  ShardingSphere-SQL Line:74  - SQLStatement: SelectStatementContext(super=CommonSQLStatementContext(sqlStatement=org.apache.shardingsphere.sql.parser.sql.statement.dml.SelectStatement@2eee38fa, tablesContext=org.apache.shardingsphere.sql.parser.binder.segment.table.TablesContext@773d892a), tablesContext=org.apache.shardingsphere.sql.parser.binder.segment.table.TablesContext@773d892a, projectionsContext=ProjectionsContext(startIndex=7, stopIndex=14, distinctRow=false, projections=[AggregationProjection(type=COUNT, innerExpression=(1), alias=Optional.empty, derivedAggregationProjections=[], index=-1)]), groupByContext=org.apache.shardingsphere.sql.parser.binder.segment.select.groupby.GroupByContext@442ae174, orderByContext=org.apache.shardingsphere.sql.parser.binder.segment.select.orderby.OrderByContext@4bbefb5b, paginationContext=org.apache.shardingsphere.sql.parser.binder.segment.select.pagination.PaginationContext@1448333e, containsSubquery=false)
2021-04-16 20:38:57.216 INFO  ShardingSphere-SQL Line:74  - Actual SQL: dsnode1 ::: SELECT COUNT(1) FROM order_item_0 WHERE (member_id = ? AND price < ?) ::: [300013018, 4]
2021-04-16 20:38:57.219 INFO  ShardingSphere-SQL Line:74  - Logic SQL: SELECT  order_id,spu_id,spu_name,sku_id,sku_name,sku_pic,price,real_amount,coupon_code,coupon_amount,promotion_amount,quantity,weight,first_category_id,first_category_name,second_category_id,second_category_name,bar_code,update_time,member_id,state_describe  FROM order_item 
 
 WHERE (member_id = ? AND price < ?) LIMIT ?
2021-04-16 20:38:57.220 INFO  ShardingSphere-SQL Line:74  - SQLStatement: SelectStatementContext(super=CommonSQLStatementContext(sqlStatement=org.apache.shardingsphere.sql.parser.sql.statement.dml.SelectStatement@204da96f, tablesContext=org.apache.shardingsphere.sql.parser.binder.segment.table.TablesContext@7549af9b), tablesContext=org.apache.shardingsphere.sql.parser.binder.segment.table.TablesContext@7549af9b, projectionsContext=ProjectionsContext(startIndex=8, stopIndex=256, distinctRow=false, projections=[ColumnProjection(owner=null, name=order_id, alias=Optional.empty), ColumnProjection(owner=null, name=spu_id, alias=Optional.empty), ColumnProjection(owner=null, name=spu_name, alias=Optional.empty), ColumnProjection(owner=null, name=sku_id, alias=Optional.empty), ColumnProjection(owner=null, name=sku_name, alias=Optional.empty), ColumnProjection(owner=null, name=sku_pic, alias=Optional.empty), ColumnProjection(owner=null, name=price, alias=Optional.empty), ColumnProjection(owner=null, name=real_amount, alias=Optional.empty), ColumnProjection(owner=null, name=coupon_code, alias=Optional.empty), ColumnProjection(owner=null, name=coupon_amount, alias=Optional.empty), ColumnProjection(owner=null, name=promotion_amount, alias=Optional.empty), ColumnProjection(owner=null, name=quantity, alias=Optional.empty), ColumnProjection(owner=null, name=weight, alias=Optional.empty), ColumnProjection(owner=null, name=first_category_id, alias=Optional.empty), ColumnProjection(owner=null, name=first_category_name, alias=Optional.empty), ColumnProjection(owner=null, name=second_category_id, alias=Optional.empty), ColumnProjection(owner=null, name=second_category_name, alias=Optional.empty), ColumnProjection(owner=null, name=bar_code, alias=Optional.empty), ColumnProjection(owner=null, name=update_time, alias=Optional.empty), ColumnProjection(owner=null, name=member_id, alias=Optional.empty), ColumnProjection(owner=null, name=state_describe, alias=Optional.empty)]), groupByContext=org.apache.shardingsphere.sql.parser.binder.segment.select.groupby.GroupByContext@46bfc8da, orderByContext=org.apache.shardingsphere.sql.parser.binder.segment.select.orderby.OrderByContext@75f5fc4d, paginationContext=org.apache.shardingsphere.sql.parser.binder.segment.select.pagination.PaginationContext@383e354d, containsSubquery=false)
2021-04-16 20:38:57.220 INFO  ShardingSphere-SQL Line:74  - Actual SQL: dsnode1 ::: SELECT  order_id,spu_id,spu_name,sku_id,sku_name,sku_pic,price,real_amount,coupon_code,coupon_amount,promotion_amount,quantity,weight,first_category_id,first_category_name,second_category_id,second_category_name,bar_code,update_time,member_id,state_describe  FROM order_item_0 
 
 WHERE (member_id = ? AND price < ?) LIMIT ? ::: [300013018, 4, 2]
2021-04-16 20:40:04.383 INFO  ShardingSphere-SQL Line:74  - Logic SQL: SELECT COUNT(1) FROM order_item WHERE (member_id = ? AND price < ?)
2021-04-16 20:40:04.383 INFO  ShardingSphere-SQL Line:74  - SQLStatement: SelectStatementContext(super=CommonSQLStatementContext(sqlStatement=org.apache.shardingsphere.sql.parser.sql.statement.dml.SelectStatement@2eee38fa, tablesContext=org.apache.shardingsphere.sql.parser.binder.segment.table.TablesContext@622f0b16), tablesContext=org.apache.shardingsphere.sql.parser.binder.segment.table.TablesContext@622f0b16, projectionsContext=ProjectionsContext(startIndex=7, stopIndex=14, distinctRow=false, projections=[AggregationProjection(type=COUNT, innerExpression=(1), alias=Optional.empty, derivedAggregationProjections=[], index=-1)]), groupByContext=org.apache.shardingsphere.sql.parser.binder.segment.select.groupby.GroupByContext@54085dba, orderByContext=org.apache.shardingsphere.sql.parser.binder.segment.select.orderby.OrderByContext@200d98fd, paginationContext=org.apache.shardingsphere.sql.parser.binder.segment.select.pagination.PaginationContext@680c8efd, containsSubquery=false)
2021-04-16 20:40:04.383 INFO  ShardingSphere-SQL Line:74  - Actual SQL: dsnode1 ::: SELECT COUNT(1) FROM order_item_0 WHERE (member_id = ? AND price < ?) ::: [300013018, 4]
2021-04-16 20:40:04.391 INFO  ShardingSphere-SQL Line:74  - Logic SQL: SELECT  order_id,spu_id,spu_name,sku_id,sku_name,sku_pic,price,real_amount,coupon_code,coupon_amount,promotion_amount,quantity,weight,first_category_id,first_category_name,second_category_id,second_category_name,bar_code,update_time,member_id,state_describe  FROM order_item 
 
 WHERE (member_id = ? AND price < ?) LIMIT ?
2021-04-16 20:40:04.391 INFO  ShardingSphere-SQL Line:74  - SQLStatement: SelectStatementContext(super=CommonSQLStatementContext(sqlStatement=org.apache.shardingsphere.sql.parser.sql.statement.dml.SelectStatement@204da96f, tablesContext=org.apache.shardingsphere.sql.parser.binder.segment.table.TablesContext@104df142), tablesContext=org.apache.shardingsphere.sql.parser.binder.segment.table.TablesContext@104df142, projectionsContext=ProjectionsContext(startIndex=8, stopIndex=256, distinctRow=false, projections=[ColumnProjection(owner=null, name=order_id, alias=Optional.empty), ColumnProjection(owner=null, name=spu_id, alias=Optional.empty), ColumnProjection(owner=null, name=spu_name, alias=Optional.empty), ColumnProjection(owner=null, name=sku_id, alias=Optional.empty), ColumnProjection(owner=null, name=sku_name, alias=Optional.empty), ColumnProjection(owner=null, name=sku_pic, alias=Optional.empty), ColumnProjection(owner=null, name=price, alias=Optional.empty), ColumnProjection(owner=null, name=real_amount, alias=Optional.empty), ColumnProjection(owner=null, name=coupon_code, alias=Optional.empty), ColumnProjection(owner=null, name=coupon_amount, alias=Optional.empty), ColumnProjection(owner=null, name=promotion_amount, alias=Optional.empty), ColumnProjection(owner=null, name=quantity, alias=Optional.empty), ColumnProjection(owner=null, name=weight, alias=Optional.empty), ColumnProjection(owner=null, name=first_category_id, alias=Optional.empty), ColumnProjection(owner=null, name=first_category_name, alias=Optional.empty), ColumnProjection(owner=null, name=second_category_id, alias=Optional.empty), ColumnProjection(owner=null, name=second_category_name, alias=Optional.empty), ColumnProjection(owner=null, name=bar_code, alias=Optional.empty), ColumnProjection(owner=null, name=update_time, alias=Optional.empty), ColumnProjection(owner=null, name=member_id, alias=Optional.empty), ColumnProjection(owner=null, name=state_describe, alias=Optional.empty)]), groupByContext=org.apache.shardingsphere.sql.parser.binder.segment.select.groupby.GroupByContext@77ab662, orderByContext=org.apache.shardingsphere.sql.parser.binder.segment.select.orderby.OrderByContext@5494f575, paginationContext=org.apache.shardingsphere.sql.parser.binder.segment.select.pagination.PaginationContext@16cca4e2, containsSubquery=false)
2021-04-16 20:40:04.392 INFO  ShardingSphere-SQL Line:74  - Actual SQL: dsnode1 ::: SELECT  order_id,spu_id,spu_name,sku_id,sku_name,sku_pic,price,real_amount,coupon_code,coupon_amount,promotion_amount,quantity,weight,first_category_id,first_category_name,second_category_id,second_category_name,bar_code,update_time,member_id,state_describe  FROM order_item_0 
 
 WHERE (member_id = ? AND price < ?) LIMIT ? ::: [300013018, 4, 2]
2021-04-16 20:40:27.966 INFO  ShardingSphere-SQL Line:74  - Logic SQL: SELECT COUNT(1) FROM order_item WHERE (member_id = ? AND price < ?)
2021-04-16 20:40:27.967 INFO  ShardingSphere-SQL Line:74  - SQLStatement: SelectStatementContext(super=CommonSQLStatementContext(sqlStatement=org.apache.shardingsphere.sql.parser.sql.statement.dml.SelectStatement@2eee38fa, tablesContext=org.apache.shardingsphere.sql.parser.binder.segment.table.TablesContext@513a30a7), tablesContext=org.apache.shardingsphere.sql.parser.binder.segment.table.TablesContext@513a30a7, projectionsContext=ProjectionsContext(startIndex=7, stopIndex=14, distinctRow=false, projections=[AggregationProjection(type=COUNT, innerExpression=(1), alias=Optional.empty, derivedAggregationProjections=[], index=-1)]), groupByContext=org.apache.shardingsphere.sql.parser.binder.segment.select.groupby.GroupByContext@5ffdc4f0, orderByContext=org.apache.shardingsphere.sql.parser.binder.segment.select.orderby.OrderByContext@5bc25bd7, paginationContext=org.apache.shardingsphere.sql.parser.binder.segment.select.pagination.PaginationContext@1ec0cecb, containsSubquery=false)
2021-04-16 20:40:27.968 INFO  ShardingSphere-SQL Line:74  - Actual SQL: dsnode1 ::: SELECT COUNT(1) FROM order_item_1 WHERE (member_id = ? AND price < ?) ::: [3, 4]
2021-04-16 20:40:36.991 INFO  ShardingSphere-SQL Line:74  - Logic SQL: SELECT COUNT(1) FROM order_item WHERE (price < ?)
2021-04-16 20:40:36.991 INFO  ShardingSphere-SQL Line:74  - SQLStatement: SelectStatementContext(super=CommonSQLStatementContext(sqlStatement=org.apache.shardingsphere.sql.parser.sql.statement.dml.SelectStatement@4ebb94a7, tablesContext=org.apache.shardingsphere.sql.parser.binder.segment.table.TablesContext@762d1327), tablesContext=org.apache.shardingsphere.sql.parser.binder.segment.table.TablesContext@762d1327, projectionsContext=ProjectionsContext(startIndex=7, stopIndex=14, distinctRow=false, projections=[AggregationProjection(type=COUNT, innerExpression=(1), alias=Optional.empty, derivedAggregationProjections=[], index=-1)]), groupByContext=org.apache.shardingsphere.sql.parser.binder.segment.select.groupby.GroupByContext@2781b3c6, orderByContext=org.apache.shardingsphere.sql.parser.binder.segment.select.orderby.OrderByContext@5600e895, paginationContext=org.apache.shardingsphere.sql.parser.binder.segment.select.pagination.PaginationContext@341c7272, containsSubquery=false)
2021-04-16 20:40:36.992 INFO  ShardingSphere-SQL Line:74  - Actual SQL: dsnode1 ::: SELECT COUNT(1) FROM order_item_0 WHERE (price < ?) ::: [4]
2021-04-16 20:40:36.992 INFO  ShardingSphere-SQL Line:74  - Actual SQL: dsnode1 ::: SELECT COUNT(1) FROM order_item_1 WHERE (price < ?) ::: [4]
2021-04-16 20:40:36.995 INFO  ShardingSphere-SQL Line:74  - Logic SQL: SELECT  order_id,spu_id,spu_name,sku_id,sku_name,sku_pic,price,real_amount,coupon_code,coupon_amount,promotion_amount,quantity,weight,first_category_id,first_category_name,second_category_id,second_category_name,bar_code,update_time,member_id,state_describe  FROM order_item 
 
 WHERE (price < ?) LIMIT ?
2021-04-16 20:40:36.995 INFO  ShardingSphere-SQL Line:74  - SQLStatement: SelectStatementContext(super=CommonSQLStatementContext(sqlStatement=org.apache.shardingsphere.sql.parser.sql.statement.dml.SelectStatement@59d8c28, tablesContext=org.apache.shardingsphere.sql.parser.binder.segment.table.TablesContext@6ce0199), tablesContext=org.apache.shardingsphere.sql.parser.binder.segment.table.TablesContext@6ce0199, projectionsContext=ProjectionsContext(startIndex=8, stopIndex=256, distinctRow=false, projections=[ColumnProjection(owner=null, name=order_id, alias=Optional.empty), ColumnProjection(owner=null, name=spu_id, alias=Optional.empty), ColumnProjection(owner=null, name=spu_name, alias=Optional.empty), ColumnProjection(owner=null, name=sku_id, alias=Optional.empty), ColumnProjection(owner=null, name=sku_name, alias=Optional.empty), ColumnProjection(owner=null, name=sku_pic, alias=Optional.empty), ColumnProjection(owner=null, name=price, alias=Optional.empty), ColumnProjection(owner=null, name=real_amount, alias=Optional.empty), ColumnProjection(owner=null, name=coupon_code, alias=Optional.empty), ColumnProjection(owner=null, name=coupon_amount, alias=Optional.empty), ColumnProjection(owner=null, name=promotion_amount, alias=Optional.empty), ColumnProjection(owner=null, name=quantity, alias=Optional.empty), ColumnProjection(owner=null, name=weight, alias=Optional.empty), ColumnProjection(owner=null, name=first_category_id, alias=Optional.empty), ColumnProjection(owner=null, name=first_category_name, alias=Optional.empty), ColumnProjection(owner=null, name=second_category_id, alias=Optional.empty), ColumnProjection(owner=null, name=second_category_name, alias=Optional.empty), ColumnProjection(owner=null, name=bar_code, alias=Optional.empty), ColumnProjection(owner=null, name=update_time, alias=Optional.empty), ColumnProjection(owner=null, name=member_id, alias=Optional.empty), ColumnProjection(owner=null, name=state_describe, alias=Optional.empty)]), groupByContext=org.apache.shardingsphere.sql.parser.binder.segment.select.groupby.GroupByContext@1bbafbbe, orderByContext=org.apache.shardingsphere.sql.parser.binder.segment.select.orderby.OrderByContext@b56e25, paginationContext=org.apache.shardingsphere.sql.parser.binder.segment.select.pagination.PaginationContext@62f067b6, containsSubquery=false)
2021-04-16 20:40:36.996 INFO  ShardingSphere-SQL Line:74  - Actual SQL: dsnode1 ::: SELECT  order_id,spu_id,spu_name,sku_id,sku_name,sku_pic,price,real_amount,coupon_code,coupon_amount,promotion_amount,quantity,weight,first_category_id,first_category_name,second_category_id,second_category_name,bar_code,update_time,member_id,state_describe  FROM order_item_0 
 
 WHERE (price < ?) LIMIT ? ::: [4, 2]
2021-04-16 20:40:36.996 INFO  ShardingSphere-SQL Line:74  - Actual SQL: dsnode1 ::: SELECT  order_id,spu_id,spu_name,sku_id,sku_name,sku_pic,price,real_amount,coupon_code,coupon_amount,promotion_amount,quantity,weight,first_category_id,first_category_name,second_category_id,second_category_name,bar_code,update_time,member_id,state_describe  FROM order_item_1 
 
 WHERE (price < ?) LIMIT ? ::: [4, 2]
2021-04-16 20:40:45.226 INFO  ShardingSphere-SQL Line:74  - Logic SQL: SELECT COUNT(1) FROM order_item WHERE (price < ?)
2021-04-16 20:40:45.226 INFO  ShardingSphere-SQL Line:74  - SQLStatement: SelectStatementContext(super=CommonSQLStatementContext(sqlStatement=org.apache.shardingsphere.sql.parser.sql.statement.dml.SelectStatement@4ebb94a7, tablesContext=org.apache.shardingsphere.sql.parser.binder.segment.table.TablesContext@49a323e9), tablesContext=org.apache.shardingsphere.sql.parser.binder.segment.table.TablesContext@49a323e9, projectionsContext=ProjectionsContext(startIndex=7, stopIndex=14, distinctRow=false, projections=[AggregationProjection(type=COUNT, innerExpression=(1), alias=Optional.empty, derivedAggregationProjections=[], index=-1)]), groupByContext=org.apache.shardingsphere.sql.parser.binder.segment.select.groupby.GroupByContext@757c91bd, orderByContext=org.apache.shardingsphere.sql.parser.binder.segment.select.orderby.OrderByContext@bc40ce3, paginationContext=org.apache.shardingsphere.sql.parser.binder.segment.select.pagination.PaginationContext@550b9213, containsSubquery=false)
2021-04-16 20:40:45.227 INFO  ShardingSphere-SQL Line:74  - Actual SQL: dsnode1 ::: SELECT COUNT(1) FROM order_item_0 WHERE (price < ?) ::: [4]
2021-04-16 20:40:45.227 INFO  ShardingSphere-SQL Line:74  - Actual SQL: dsnode1 ::: SELECT COUNT(1) FROM order_item_1 WHERE (price < ?) ::: [4]
2021-04-16 20:40:45.230 INFO  ShardingSphere-SQL Line:74  - Logic SQL: SELECT  order_id,spu_id,spu_name,sku_id,sku_name,sku_pic,price,real_amount,coupon_code,coupon_amount,promotion_amount,quantity,weight,first_category_id,first_category_name,second_category_id,second_category_name,bar_code,update_time,member_id,state_describe  FROM order_item 
 
 WHERE (price < ?) LIMIT ?
2021-04-16 20:40:45.231 INFO  ShardingSphere-SQL Line:74  - SQLStatement: SelectStatementContext(super=CommonSQLStatementContext(sqlStatement=org.apache.shardingsphere.sql.parser.sql.statement.dml.SelectStatement@59d8c28, tablesContext=org.apache.shardingsphere.sql.parser.binder.segment.table.TablesContext@369de4d7), tablesContext=org.apache.shardingsphere.sql.parser.binder.segment.table.TablesContext@369de4d7, projectionsContext=ProjectionsContext(startIndex=8, stopIndex=256, distinctRow=false, projections=[ColumnProjection(owner=null, name=order_id, alias=Optional.empty), ColumnProjection(owner=null, name=spu_id, alias=Optional.empty), ColumnProjection(owner=null, name=spu_name, alias=Optional.empty), ColumnProjection(owner=null, name=sku_id, alias=Optional.empty), ColumnProjection(owner=null, name=sku_name, alias=Optional.empty), ColumnProjection(owner=null, name=sku_pic, alias=Optional.empty), ColumnProjection(owner=null, name=price, alias=Optional.empty), ColumnProjection(owner=null, name=real_amount, alias=Optional.empty), ColumnProjection(owner=null, name=coupon_code, alias=Optional.empty), ColumnProjection(owner=null, name=coupon_amount, alias=Optional.empty), ColumnProjection(owner=null, name=promotion_amount, alias=Optional.empty), ColumnProjection(owner=null, name=quantity, alias=Optional.empty), ColumnProjection(owner=null, name=weight, alias=Optional.empty), ColumnProjection(owner=null, name=first_category_id, alias=Optional.empty), ColumnProjection(owner=null, name=first_category_name, alias=Optional.empty), ColumnProjection(owner=null, name=second_category_id, alias=Optional.empty), ColumnProjection(owner=null, name=second_category_name, alias=Optional.empty), ColumnProjection(owner=null, name=bar_code, alias=Optional.empty), ColumnProjection(owner=null, name=update_time, alias=Optional.empty), ColumnProjection(owner=null, name=member_id, alias=Optional.empty), ColumnProjection(owner=null, name=state_describe, alias=Optional.empty)]), groupByContext=org.apache.shardingsphere.sql.parser.binder.segment.select.groupby.GroupByContext@93c23fb, orderByContext=org.apache.shardingsphere.sql.parser.binder.segment.select.orderby.OrderByContext@23ab8893, paginationContext=org.apache.shardingsphere.sql.parser.binder.segment.select.pagination.PaginationContext@677188d3, containsSubquery=false)
2021-04-16 20:40:45.231 INFO  ShardingSphere-SQL Line:74  - Actual SQL: dsnode1 ::: SELECT  order_id,spu_id,spu_name,sku_id,sku_name,sku_pic,price,real_amount,coupon_code,coupon_amount,promotion_amount,quantity,weight,first_category_id,first_category_name,second_category_id,second_category_name,bar_code,update_time,member_id,state_describe  FROM order_item_0 
 
 WHERE (price < ?) LIMIT ? ::: [4, 2]
2021-04-16 20:40:45.231 INFO  ShardingSphere-SQL Line:74  - Actual SQL: dsnode1 ::: SELECT  order_id,spu_id,spu_name,sku_id,sku_name,sku_pic,price,real_amount,coupon_code,coupon_amount,promotion_amount,quantity,weight,first_category_id,first_category_name,second_category_id,second_category_name,bar_code,update_time,member_id,state_describe  FROM order_item_1 
 
 WHERE (price < ?) LIMIT ? ::: [4, 2]
2021-04-16 20:41:05.179 INFO  org.springframework.scheduling.concurrent.ThreadPoolTaskExecutor Line:218 - Shutting down ExecutorService 'applicationTaskExecutor'
2021-04-16 20:41:05.180 INFO  com.alibaba.druid.pool.DruidDataSource Line:2029 - {dataSource-1} closing ...
2021-04-16 20:41:05.185 INFO  com.alibaba.druid.pool.DruidDataSource Line:2101 - {dataSource-1} closed
2021-04-16 20:41:05.187 INFO  com.alibaba.druid.pool.DruidDataSource Line:2029 - {dataSource-1} closing ...
2021-04-16 20:41:05.187 INFO  com.alibaba.druid.pool.DruidDataSource Line:2029 - {dataSource-0} closing ...
