2021-04-12 10:40:07.858 ERROR com.alibaba.druid.pool.DruidDataSource Line:1148 - testWhileIdle is true, validationQuery not set
2021-04-12 10:42:07.254 ERROR com.alibaba.druid.pool.DruidDataSource Line:1148 - testWhileIdle is true, validationQuery not set
2021-04-12 10:54:12.333 ERROR com.alibaba.druid.pool.DruidDataSource Line:1148 - testWhileIdle is true, validationQuery not set
2021-04-12 10:54:55.948 ERROR com.alibaba.druid.pool.DruidDataSource Line:1148 - testWhileIdle is true, validationQuery not set
2021-04-12 10:55:40.404 ERROR com.alibaba.druid.pool.DruidDataSource Line:1148 - testWhileIdle is true, validationQuery not set
2021-04-12 10:55:54.507 ERROR com.alibaba.druid.pool.DruidDataSource Line:1148 - testWhileIdle is true, validationQuery not set
2021-04-12 10:57:58.312 ERROR com.alibaba.druid.pool.DruidDataSource Line:1148 - testWhileIdle is true, validationQuery not set
2021-04-12 10:59:25.616 ERROR com.alibaba.druid.pool.DruidDataSource Line:1148 - testWhileIdle is true, validationQuery not set
2021-04-12 11:00:02.790 ERROR com.alibaba.druid.pool.DruidDataSource Line:1148 - testWhileIdle is true, validationQuery not set
2021-04-12 11:12:57.708 ERROR com.alibaba.druid.pool.DruidDataSource Line:977 - {dataSource-1} init error
java.sql.SQLException: url not set
	at com.alibaba.druid.pool.DruidDataSource.init(DruidDataSource.java:883)
	at com.alibaba.druid.pool.DruidDataSource.getConnection(DruidDataSource.java:1311)
	at com.alibaba.druid.pool.DruidDataSource.getConnection(DruidDataSource.java:1307)
	at com.alibaba.druid.pool.DruidDataSource.getConnection(DruidDataSource.java:109)
	at org.apache.shardingsphere.shardingjdbc.jdbc.adapter.AbstractDataSourceAdapter.getDatabaseType(AbstractDataSourceAdapter.java:75)
	at org.apache.shardingsphere.shardingjdbc.jdbc.adapter.AbstractDataSourceAdapter.getDatabaseType(AbstractDataSourceAdapter.java:64)
	at org.apache.shardingsphere.shardingjdbc.jdbc.adapter.AbstractDataSourceAdapter.<init>(AbstractDataSourceAdapter.java:56)
	at org.apache.shardingsphere.shardingjdbc.jdbc.core.datasource.ShardingDataSource.<init>(ShardingDataSource.java:50)
	at com.hins.core.config.db.OrderDatabaseConfig.orderDataSource(OrderDatabaseConfig.java:83)
	at com.hins.core.config.db.OrderDatabaseConfig$$EnhancerBySpringCGLIB$$cc949472.CGLIB$orderDataSource$3(<generated>)
	at com.hins.core.config.db.OrderDatabaseConfig$$EnhancerBySpringCGLIB$$cc949472$$FastClassBySpringCGLIB$$7b346eb7.invoke(<generated>)
	at org.springframework.cglib.proxy.MethodProxy.invokeSuper(MethodProxy.java:244)
	at org.springframework.context.annotation.ConfigurationClassEnhancer$BeanMethodInterceptor.intercept(ConfigurationClassEnhancer.java:331)
	at com.hins.core.config.db.OrderDatabaseConfig$$EnhancerBySpringCGLIB$$cc949472.orderDataSource(<generated>)
	at sun.reflect.NativeMethodAccessorImpl.invoke0(Native Method)
	at sun.reflect.NativeMethodAccessorImpl.invoke(NativeMethodAccessorImpl.java:62)
	at sun.reflect.DelegatingMethodAccessorImpl.invoke(DelegatingMethodAccessorImpl.java:43)
	at java.lang.reflect.Method.invoke(Method.java:498)
	at org.springframework.beans.factory.support.SimpleInstantiationStrategy.instantiate(SimpleInstantiationStrategy.java:154)
	at org.springframework.beans.factory.support.ConstructorResolver.instantiate(ConstructorResolver.java:653)
	at org.springframework.beans.factory.support.ConstructorResolver.instantiateUsingFactoryMethod(ConstructorResolver.java:638)
	at org.springframework.beans.factory.support.AbstractAutowireCapableBeanFactory.instantiateUsingFactoryMethod(AbstractAutowireCapableBeanFactory.java:1336)
	at org.springframework.beans.factory.support.AbstractAutowireCapableBeanFactory.createBeanInstance(AbstractAutowireCapableBeanFactory.java:1179)
	at org.springframework.beans.factory.support.AbstractAutowireCapableBeanFactory.doCreateBean(AbstractAutowireCapableBeanFactory.java:571)
	at org.springframework.beans.factory.support.AbstractAutowireCapableBeanFactory.createBean(AbstractAutowireCapableBeanFactory.java:531)
	at org.springframework.beans.factory.support.AbstractBeanFactory.lambda$doGetBean$0(AbstractBeanFactory.java:335)
	at org.springframework.beans.factory.support.DefaultSingletonBeanRegistry.getSingleton(DefaultSingletonBeanRegistry.java:234)
	at org.springframework.beans.factory.support.AbstractBeanFactory.doGetBean(AbstractBeanFactory.java:333)
	at org.springframework.beans.factory.support.AbstractBeanFactory.getBean(AbstractBeanFactory.java:208)
	at org.springframework.beans.factory.support.DefaultListableBeanFactory.preInstantiateSingletons(DefaultListableBeanFactory.java:944)
	at org.springframework.context.support.AbstractApplicationContext.finishBeanFactoryInitialization(AbstractApplicationContext.java:923)
	at org.springframework.context.support.AbstractApplicationContext.refresh(AbstractApplicationContext.java:588)
	at org.springframework.boot.web.servlet.context.ServletWebServerApplicationContext.refresh(ServletWebServerApplicationContext.java:144)
	at org.springframework.boot.SpringApplication.refresh(SpringApplication.java:767)
	at org.springframework.boot.SpringApplication.refresh(SpringApplication.java:759)
	at org.springframework.boot.SpringApplication.refreshContext(SpringApplication.java:426)
	at org.springframework.boot.SpringApplication.run(SpringApplication.java:326)
	at org.springframework.boot.SpringApplication.run(SpringApplication.java:1311)
	at org.springframework.boot.SpringApplication.run(SpringApplication.java:1300)
	at com.hins.core.Sp19ShardingJdbcApplication.main(Sp19ShardingJdbcApplication.java:15)
2021-04-12 11:12:57.764 ERROR org.springframework.boot.SpringApplication Line:856 - Application run failed
org.springframework.beans.factory.BeanCreationException: Error creating bean with name 'orderDataSource' defined in class path resource [com/hins/core/config/db/OrderDatabaseConfig.class]: Bean instantiation via factory method failed; nested exception is org.springframework.beans.BeanInstantiationException: Failed to instantiate [javax.sql.DataSource]: Factory method 'orderDataSource' threw exception; nested exception is java.sql.SQLException: url not set
	at org.springframework.beans.factory.support.ConstructorResolver.instantiate(ConstructorResolver.java:658)
	at org.springframework.beans.factory.support.ConstructorResolver.instantiateUsingFactoryMethod(ConstructorResolver.java:638)
	at org.springframework.beans.factory.support.AbstractAutowireCapableBeanFactory.instantiateUsingFactoryMethod(AbstractAutowireCapableBeanFactory.java:1336)
	at org.springframework.beans.factory.support.AbstractAutowireCapableBeanFactory.createBeanInstance(AbstractAutowireCapableBeanFactory.java:1179)
	at org.springframework.beans.factory.support.AbstractAutowireCapableBeanFactory.doCreateBean(AbstractAutowireCapableBeanFactory.java:571)
	at org.springframework.beans.factory.support.AbstractAutowireCapableBeanFactory.createBean(AbstractAutowireCapableBeanFactory.java:531)
	at org.springframework.beans.factory.support.AbstractBeanFactory.lambda$doGetBean$0(AbstractBeanFactory.java:335)
	at org.springframework.beans.factory.support.DefaultSingletonBeanRegistry.getSingleton(DefaultSingletonBeanRegistry.java:234)
	at org.springframework.beans.factory.support.AbstractBeanFactory.doGetBean(AbstractBeanFactory.java:333)
	at org.springframework.beans.factory.support.AbstractBeanFactory.getBean(AbstractBeanFactory.java:208)
	at org.springframework.beans.factory.support.DefaultListableBeanFactory.preInstantiateSingletons(DefaultListableBeanFactory.java:944)
	at org.springframework.context.support.AbstractApplicationContext.finishBeanFactoryInitialization(AbstractApplicationContext.java:923)
	at org.springframework.context.support.AbstractApplicationContext.refresh(AbstractApplicationContext.java:588)
	at org.springframework.boot.web.servlet.context.ServletWebServerApplicationContext.refresh(ServletWebServerApplicationContext.java:144)
	at org.springframework.boot.SpringApplication.refresh(SpringApplication.java:767)
	at org.springframework.boot.SpringApplication.refresh(SpringApplication.java:759)
	at org.springframework.boot.SpringApplication.refreshContext(SpringApplication.java:426)
	at org.springframework.boot.SpringApplication.run(SpringApplication.java:326)
	at org.springframework.boot.SpringApplication.run(SpringApplication.java:1311)
	at org.springframework.boot.SpringApplication.run(SpringApplication.java:1300)
	at com.hins.core.Sp19ShardingJdbcApplication.main(Sp19ShardingJdbcApplication.java:15)
Caused by: org.springframework.beans.BeanInstantiationException: Failed to instantiate [javax.sql.DataSource]: Factory method 'orderDataSource' threw exception; nested exception is java.sql.SQLException: url not set
	at org.springframework.beans.factory.support.SimpleInstantiationStrategy.instantiate(SimpleInstantiationStrategy.java:185)
	at org.springframework.beans.factory.support.ConstructorResolver.instantiate(ConstructorResolver.java:653)
	... 20 common frames omitted
Caused by: java.sql.SQLException: url not set
	at com.alibaba.druid.pool.DruidDataSource.init(DruidDataSource.java:883)
	at com.alibaba.druid.pool.DruidDataSource.getConnection(DruidDataSource.java:1311)
	at com.alibaba.druid.pool.DruidDataSource.getConnection(DruidDataSource.java:1307)
	at com.alibaba.druid.pool.DruidDataSource.getConnection(DruidDataSource.java:109)
	at org.apache.shardingsphere.shardingjdbc.jdbc.adapter.AbstractDataSourceAdapter.getDatabaseType(AbstractDataSourceAdapter.java:75)
	at org.apache.shardingsphere.shardingjdbc.jdbc.adapter.AbstractDataSourceAdapter.getDatabaseType(AbstractDataSourceAdapter.java:64)
	at org.apache.shardingsphere.shardingjdbc.jdbc.adapter.AbstractDataSourceAdapter.<init>(AbstractDataSourceAdapter.java:56)
	at org.apache.shardingsphere.shardingjdbc.jdbc.core.datasource.ShardingDataSource.<init>(ShardingDataSource.java:50)
	at com.hins.core.config.db.OrderDatabaseConfig.orderDataSource(OrderDatabaseConfig.java:83)
	at com.hins.core.config.db.OrderDatabaseConfig$$EnhancerBySpringCGLIB$$cc949472.CGLIB$orderDataSource$3(<generated>)
	at com.hins.core.config.db.OrderDatabaseConfig$$EnhancerBySpringCGLIB$$cc949472$$FastClassBySpringCGLIB$$7b346eb7.invoke(<generated>)
	at org.springframework.cglib.proxy.MethodProxy.invokeSuper(MethodProxy.java:244)
	at org.springframework.context.annotation.ConfigurationClassEnhancer$BeanMethodInterceptor.intercept(ConfigurationClassEnhancer.java:331)
	at com.hins.core.config.db.OrderDatabaseConfig$$EnhancerBySpringCGLIB$$cc949472.orderDataSource(<generated>)
	at sun.reflect.NativeMethodAccessorImpl.invoke0(Native Method)
	at sun.reflect.NativeMethodAccessorImpl.invoke(NativeMethodAccessorImpl.java:62)
	at sun.reflect.DelegatingMethodAccessorImpl.invoke(DelegatingMethodAccessorImpl.java:43)
	at java.lang.reflect.Method.invoke(Method.java:498)
	at org.springframework.beans.factory.support.SimpleInstantiationStrategy.instantiate(SimpleInstantiationStrategy.java:154)
	... 21 common frames omitted
2021-04-12 11:14:26.630 ERROR com.alibaba.druid.pool.DruidDataSource Line:1148 - testWhileIdle is true, validationQuery not set
2021-04-12 11:15:04.247 ERROR com.alibaba.druid.pool.DruidDataSource Line:1148 - testWhileIdle is true, validationQuery not set
2021-04-12 11:20:36.441 ERROR com.alibaba.druid.pool.DruidDataSource Line:1197 - testWhileIdle is true, validationQuery not set
2021-04-12 11:20:46.458 ERROR com.alibaba.druid.pool.DruidDataSource Line:1197 - testWhileIdle is true, validationQuery not set
2021-04-12 11:32:06.703 ERROR com.alibaba.druid.pool.DruidDataSource Line:1197 - testWhileIdle is true, validationQuery not set
2021-04-12 11:32:15.339 ERROR com.alibaba.druid.pool.DruidDataSource Line:1197 - testWhileIdle is true, validationQuery not set
2021-04-12 11:38:54.133 ERROR com.alibaba.druid.pool.DruidDataSource Line:1197 - testWhileIdle is true, validationQuery not set
2021-04-12 11:40:26.343 ERROR com.alibaba.druid.pool.DruidDataSource Line:1197 - testWhileIdle is true, validationQuery not set
2021-04-12 12:02:14.036 ERROR org.springframework.boot.SpringApplication Line:856 - Application run failed
org.springframework.beans.factory.UnsatisfiedDependencyException: Error creating bean with name 'orderItemController': Unsatisfied dependency expressed through field 'orderItemService'; nested exception is org.springframework.beans.factory.UnsatisfiedDependencyException: Error creating bean with name 'orderItemServiceImpl': Unsatisfied dependency expressed through field 'baseMapper'; nested exception is org.springframework.beans.factory.BeanCreationException: Error creating bean with name 'orderItemMapper' defined in file [D:\xuan\gitwork\springboot-learning\sp-19-shardingJdbc\target\classes\com\hins\core\order\mapper\OrderItemMapper.class]: Cannot resolve reference to bean 'coreSqlSessionTemplate' while setting bean property 'sqlSessionTemplate'; nested exception is org.springframework.beans.factory.UnsatisfiedDependencyException: Error creating bean with name 'coreSqlSessionTemplate' defined in class path resource [com/hins/core/config/db/CoreDatabaseConfig.class]: Unsatisfied dependency expressed through method 'masterSqlSessionTemplate' parameter 0; nested exception is org.springframework.beans.factory.UnsatisfiedDependencyException: Error creating bean with name 'coreSqlSessionFactory' defined in class path resource [com/hins/core/config/db/CoreDatabaseConfig.class]: Unsatisfied dependency expressed through method 'masterSqlSessionFactory' parameter 0; nested exception is org.springframework.beans.factory.BeanCreationException: Error creating bean with name 'coreDataSource' defined in class path resource [com/hins/core/config/db/CoreDatabaseConfig.class]: Initialization of bean failed; nested exception is org.springframework.beans.factory.BeanCreationException: Error creating bean with name 'org.springframework.boot.autoconfigure.jdbc.DataSourceInitializerInvoker': Invocation of init method failed; nested exception is org.springframework.beans.factory.NoUniqueBeanDefinitionException: No qualifying bean of type 'javax.sql.DataSource' available: more than one 'primary' bean found among candidates: [coreDataSource, ds, orderDataSource]
	at org.springframework.beans.factory.annotation.AutowiredAnnotationBeanPostProcessor$AutowiredFieldElement.inject(AutowiredAnnotationBeanPostProcessor.java:643)
	at org.springframework.beans.factory.annotation.InjectionMetadata.inject(InjectionMetadata.java:119)
	at org.springframework.beans.factory.annotation.AutowiredAnnotationBeanPostProcessor.postProcessProperties(AutowiredAnnotationBeanPostProcessor.java:399)
	at org.springframework.beans.factory.support.AbstractAutowireCapableBeanFactory.populateBean(AbstractAutowireCapableBeanFactory.java:1415)
	at org.springframework.beans.factory.support.AbstractAutowireCapableBeanFactory.doCreateBean(AbstractAutowireCapableBeanFactory.java:608)
	at org.springframework.beans.factory.support.AbstractAutowireCapableBeanFactory.createBean(AbstractAutowireCapableBeanFactory.java:531)
	at org.springframework.beans.factory.support.AbstractBeanFactory.lambda$doGetBean$0(AbstractBeanFactory.java:335)
	at org.springframework.beans.factory.support.DefaultSingletonBeanRegistry.getSingleton(DefaultSingletonBeanRegistry.java:234)
	at org.springframework.beans.factory.support.AbstractBeanFactory.doGetBean(AbstractBeanFactory.java:333)
	at org.springframework.beans.factory.support.AbstractBeanFactory.getBean(AbstractBeanFactory.java:208)
	at org.springframework.beans.factory.support.DefaultListableBeanFactory.preInstantiateSingletons(DefaultListableBeanFactory.java:944)
	at org.springframework.context.support.AbstractApplicationContext.finishBeanFactoryInitialization(AbstractApplicationContext.java:923)
	at org.springframework.context.support.AbstractApplicationContext.refresh(AbstractApplicationContext.java:588)
	at org.springframework.boot.web.servlet.context.ServletWebServerApplicationContext.refresh(ServletWebServerApplicationContext.java:144)
	at org.springframework.boot.SpringApplication.refresh(SpringApplication.java:767)
	at org.springframework.boot.SpringApplication.refresh(SpringApplication.java:759)
	at org.springframework.boot.SpringApplication.refreshContext(SpringApplication.java:426)
	at org.springframework.boot.SpringApplication.run(SpringApplication.java:326)
	at org.springframework.boot.SpringApplication.run(SpringApplication.java:1311)
	at org.springframework.boot.SpringApplication.run(SpringApplication.java:1300)
	at com.hins.core.Sp19ShardingJdbcApplication.main(Sp19ShardingJdbcApplication.java:15)
Caused by: org.springframework.beans.factory.UnsatisfiedDependencyException: Error creating bean with name 'orderItemServiceImpl': Unsatisfied dependency expressed through field 'baseMapper'; nested exception is org.springframework.beans.factory.BeanCreationException: Error creating bean with name 'orderItemMapper' defined in file [D:\xuan\gitwork\springboot-learning\sp-19-shardingJdbc\target\classes\com\hins\core\order\mapper\OrderItemMapper.class]: Cannot resolve reference to bean 'coreSqlSessionTemplate' while setting bean property 'sqlSessionTemplate'; nested exception is org.springframework.beans.factory.UnsatisfiedDependencyException: Error creating bean with name 'coreSqlSessionTemplate' defined in class path resource [com/hins/core/config/db/CoreDatabaseConfig.class]: Unsatisfied dependency expressed through method 'masterSqlSessionTemplate' parameter 0; nested exception is org.springframework.beans.factory.UnsatisfiedDependencyException: Error creating bean with name 'coreSqlSessionFactory' defined in class path resource [com/hins/core/config/db/CoreDatabaseConfig.class]: Unsatisfied dependency expressed through method 'masterSqlSessionFactory' parameter 0; nested exception is org.springframework.beans.factory.BeanCreationException: Error creating bean with name 'coreDataSource' defined in class path resource [com/hins/core/config/db/CoreDatabaseConfig.class]: Initialization of bean failed; nested exception is org.springframework.beans.factory.BeanCreationException: Error creating bean with name 'org.springframework.boot.autoconfigure.jdbc.DataSourceInitializerInvoker': Invocation of init method failed; nested exception is org.springframework.beans.factory.NoUniqueBeanDefinitionException: No qualifying bean of type 'javax.sql.DataSource' available: more than one 'primary' bean found among candidates: [coreDataSource, ds, orderDataSource]
	at org.springframework.beans.factory.annotation.AutowiredAnnotationBeanPostProcessor$AutowiredFieldElement.inject(AutowiredAnnotationBeanPostProcessor.java:643)
	at org.springframework.beans.factory.annotation.InjectionMetadata.inject(InjectionMetadata.java:119)
	at org.springframework.beans.factory.annotation.AutowiredAnnotationBeanPostProcessor.postProcessProperties(AutowiredAnnotationBeanPostProcessor.java:399)
	at org.springframework.beans.factory.support.AbstractAutowireCapableBeanFactory.populateBean(AbstractAutowireCapableBeanFactory.java:1415)
	at org.springframework.beans.factory.support.AbstractAutowireCapableBeanFactory.doCreateBean(AbstractAutowireCapableBeanFactory.java:608)
	at org.springframework.beans.factory.support.AbstractAutowireCapableBeanFactory.createBean(AbstractAutowireCapableBeanFactory.java:531)
	at org.springframework.beans.factory.support.AbstractBeanFactory.lambda$doGetBean$0(AbstractBeanFactory.java:335)
	at org.springframework.beans.factory.support.DefaultSingletonBeanRegistry.getSingleton(DefaultSingletonBeanRegistry.java:234)
	at org.springframework.beans.factory.support.AbstractBeanFactory.doGetBean(AbstractBeanFactory.java:333)
	at org.springframework.beans.factory.support.AbstractBeanFactory.getBean(AbstractBeanFactory.java:208)
	at org.springframework.beans.factory.config.DependencyDescriptor.resolveCandidate(DependencyDescriptor.java:276)
	at org.springframework.beans.factory.support.DefaultListableBeanFactory.doResolveDependency(DefaultListableBeanFactory.java:1380)
	at org.springframework.beans.factory.support.DefaultListableBeanFactory.resolveDependency(DefaultListableBeanFactory.java:1300)
	at org.springframework.beans.factory.annotation.AutowiredAnnotationBeanPostProcessor$AutowiredFieldElement.inject(AutowiredAnnotationBeanPostProcessor.java:640)
	... 20 common frames omitted
Caused by: org.springframework.beans.factory.BeanCreationException: Error creating bean with name 'orderItemMapper' defined in file [D:\xuan\gitwork\springboot-learning\sp-19-shardingJdbc\target\classes\com\hins\core\order\mapper\OrderItemMapper.class]: Cannot resolve reference to bean 'coreSqlSessionTemplate' while setting bean property 'sqlSessionTemplate'; nested exception is org.springframework.beans.factory.UnsatisfiedDependencyException: Error creating bean with name 'coreSqlSessionTemplate' defined in class path resource [com/hins/core/config/db/CoreDatabaseConfig.class]: Unsatisfied dependency expressed through method 'masterSqlSessionTemplate' parameter 0; nested exception is org.springframework.beans.factory.UnsatisfiedDependencyException: Error creating bean with name 'coreSqlSessionFactory' defined in class path resource [com/hins/core/config/db/CoreDatabaseConfig.class]: Unsatisfied dependency expressed through method 'masterSqlSessionFactory' parameter 0; nested exception is org.springframework.beans.factory.BeanCreationException: Error creating bean with name 'coreDataSource' defined in class path resource [com/hins/core/config/db/CoreDatabaseConfig.class]: Initialization of bean failed; nested exception is org.springframework.beans.factory.BeanCreationException: Error creating bean with name 'org.springframework.boot.autoconfigure.jdbc.DataSourceInitializerInvoker': Invocation of init method failed; nested exception is org.springframework.beans.factory.NoUniqueBeanDefinitionException: No qualifying bean of type 'javax.sql.DataSource' available: more than one 'primary' bean found among candidates: [coreDataSource, ds, orderDataSource]
	at org.springframework.beans.factory.support.BeanDefinitionValueResolver.resolveReference(BeanDefinitionValueResolver.java:342)
	at org.springframework.beans.factory.support.BeanDefinitionValueResolver.resolveValueIfNecessary(BeanDefinitionValueResolver.java:113)
	at org.springframework.beans.factory.support.AbstractAutowireCapableBeanFactory.applyPropertyValues(AbstractAutowireCapableBeanFactory.java:1691)
	at org.springframework.beans.factory.support.AbstractAutowireCapableBeanFactory.populateBean(AbstractAutowireCapableBeanFactory.java:1436)
	at org.springframework.beans.factory.support.AbstractAutowireCapableBeanFactory.doCreateBean(AbstractAutowireCapableBeanFactory.java:608)
	at org.springframework.beans.factory.support.AbstractAutowireCapableBeanFactory.createBean(AbstractAutowireCapableBeanFactory.java:531)
	at org.springframework.beans.factory.support.AbstractBeanFactory.lambda$doGetBean$0(AbstractBeanFactory.java:335)
	at org.springframework.beans.factory.support.DefaultSingletonBeanRegistry.getSingleton(DefaultSingletonBeanRegistry.java:234)
	at org.springframework.beans.factory.support.AbstractBeanFactory.doGetBean(AbstractBeanFactory.java:333)
	at org.springframework.beans.factory.support.AbstractBeanFactory.getBean(AbstractBeanFactory.java:208)
	at org.springframework.beans.factory.config.DependencyDescriptor.resolveCandidate(DependencyDescriptor.java:276)
	at org.springframework.beans.factory.support.DefaultListableBeanFactory.doResolveDependency(DefaultListableBeanFactory.java:1380)
	at org.springframework.beans.factory.support.DefaultListableBeanFactory.resolveDependency(DefaultListableBeanFactory.java:1300)
	at org.springframework.beans.factory.annotation.AutowiredAnnotationBeanPostProcessor$AutowiredFieldElement.inject(AutowiredAnnotationBeanPostProcessor.java:640)
	... 33 common frames omitted
Caused by: org.springframework.beans.factory.UnsatisfiedDependencyException: Error creating bean with name 'coreSqlSessionTemplate' defined in class path resource [com/hins/core/config/db/CoreDatabaseConfig.class]: Unsatisfied dependency expressed through method 'masterSqlSessionTemplate' parameter 0; nested exception is org.springframework.beans.factory.UnsatisfiedDependencyException: Error creating bean with name 'coreSqlSessionFactory' defined in class path resource [com/hins/core/config/db/CoreDatabaseConfig.class]: Unsatisfied dependency expressed through method 'masterSqlSessionFactory' parameter 0; nested exception is org.springframework.beans.factory.BeanCreationException: Error creating bean with name 'coreDataSource' defined in class path resource [com/hins/core/config/db/CoreDatabaseConfig.class]: Initialization of bean failed; nested exception is org.springframework.beans.factory.BeanCreationException: Error creating bean with name 'org.springframework.boot.autoconfigure.jdbc.DataSourceInitializerInvoker': Invocation of init method failed; nested exception is org.springframework.beans.factory.NoUniqueBeanDefinitionException: No qualifying bean of type 'javax.sql.DataSource' available: more than one 'primary' bean found among candidates: [coreDataSource, ds, orderDataSource]
	at org.springframework.beans.factory.support.ConstructorResolver.createArgumentArray(ConstructorResolver.java:800)
	at org.springframework.beans.factory.support.ConstructorResolver.instantiateUsingFactoryMethod(ConstructorResolver.java:541)
	at org.springframework.beans.factory.support.AbstractAutowireCapableBeanFactory.instantiateUsingFactoryMethod(AbstractAutowireCapableBeanFactory.java:1336)
	at org.springframework.beans.factory.support.AbstractAutowireCapableBeanFactory.createBeanInstance(AbstractAutowireCapableBeanFactory.java:1179)
	at org.springframework.beans.factory.support.AbstractAutowireCapableBeanFactory.doCreateBean(AbstractAutowireCapableBeanFactory.java:571)
	at org.springframework.beans.factory.support.AbstractAutowireCapableBeanFactory.createBean(AbstractAutowireCapableBeanFactory.java:531)
	at org.springframework.beans.factory.support.AbstractBeanFactory.lambda$doGetBean$0(AbstractBeanFactory.java:335)
	at org.springframework.beans.factory.support.DefaultSingletonBeanRegistry.getSingleton(DefaultSingletonBeanRegistry.java:234)
	at org.springframework.beans.factory.support.AbstractBeanFactory.doGetBean(AbstractBeanFactory.java:333)
	at org.springframework.beans.factory.support.AbstractBeanFactory.getBean(AbstractBeanFactory.java:208)
	at org.springframework.beans.factory.support.BeanDefinitionValueResolver.resolveReference(BeanDefinitionValueResolver.java:330)
	... 46 common frames omitted
Caused by: org.springframework.beans.factory.UnsatisfiedDependencyException: Error creating bean with name 'coreSqlSessionFactory' defined in class path resource [com/hins/core/config/db/CoreDatabaseConfig.class]: Unsatisfied dependency expressed through method 'masterSqlSessionFactory' parameter 0; nested exception is org.springframework.beans.factory.BeanCreationException: Error creating bean with name 'coreDataSource' defined in class path resource [com/hins/core/config/db/CoreDatabaseConfig.class]: Initialization of bean failed; nested exception is org.springframework.beans.factory.BeanCreationException: Error creating bean with name 'org.springframework.boot.autoconfigure.jdbc.DataSourceInitializerInvoker': Invocation of init method failed; nested exception is org.springframework.beans.factory.NoUniqueBeanDefinitionException: No qualifying bean of type 'javax.sql.DataSource' available: more than one 'primary' bean found among candidates: [coreDataSource, ds, orderDataSource]
	at org.springframework.beans.factory.support.ConstructorResolver.createArgumentArray(ConstructorResolver.java:800)
	at org.springframework.beans.factory.support.ConstructorResolver.instantiateUsingFactoryMethod(ConstructorResolver.java:541)
	at org.springframework.beans.factory.support.AbstractAutowireCapableBeanFactory.instantiateUsingFactoryMethod(AbstractAutowireCapableBeanFactory.java:1336)
	at org.springframework.beans.factory.support.AbstractAutowireCapableBeanFactory.createBeanInstance(AbstractAutowireCapableBeanFactory.java:1179)
	at org.springframework.beans.factory.support.AbstractAutowireCapableBeanFactory.doCreateBean(AbstractAutowireCapableBeanFactory.java:571)
	at org.springframework.beans.factory.support.AbstractAutowireCapableBeanFactory.createBean(AbstractAutowireCapableBeanFactory.java:531)
	at org.springframework.beans.factory.support.AbstractBeanFactory.lambda$doGetBean$0(AbstractBeanFactory.java:335)
	at org.springframework.beans.factory.support.DefaultSingletonBeanRegistry.getSingleton(DefaultSingletonBeanRegistry.java:234)
	at org.springframework.beans.factory.support.AbstractBeanFactory.doGetBean(AbstractBeanFactory.java:333)
	at org.springframework.beans.factory.support.AbstractBeanFactory.getBean(AbstractBeanFactory.java:208)
	at org.springframework.beans.factory.config.DependencyDescriptor.resolveCandidate(DependencyDescriptor.java:276)
	at org.springframework.beans.factory.support.DefaultListableBeanFactory.doResolveDependency(DefaultListableBeanFactory.java:1380)
	at org.springframework.beans.factory.support.DefaultListableBeanFactory.resolveDependency(DefaultListableBeanFactory.java:1300)
	at org.springframework.beans.factory.support.ConstructorResolver.resolveAutowiredArgument(ConstructorResolver.java:887)
	at org.springframework.beans.factory.support.ConstructorResolver.createArgumentArray(ConstructorResolver.java:791)
	... 56 common frames omitted
Caused by: org.springframework.beans.factory.BeanCreationException: Error creating bean with name 'coreDataSource' defined in class path resource [com/hins/core/config/db/CoreDatabaseConfig.class]: Initialization of bean failed; nested exception is org.springframework.beans.factory.BeanCreationException: Error creating bean with name 'org.springframework.boot.autoconfigure.jdbc.DataSourceInitializerInvoker': Invocation of init method failed; nested exception is org.springframework.beans.factory.NoUniqueBeanDefinitionException: No qualifying bean of type 'javax.sql.DataSource' available: more than one 'primary' bean found among candidates: [coreDataSource, ds, orderDataSource]
	at org.springframework.beans.factory.support.AbstractAutowireCapableBeanFactory.doCreateBean(AbstractAutowireCapableBeanFactory.java:617)
	at org.springframework.beans.factory.support.AbstractAutowireCapableBeanFactory.createBean(AbstractAutowireCapableBeanFactory.java:531)
	at org.springframework.beans.factory.support.AbstractBeanFactory.lambda$doGetBean$0(AbstractBeanFactory.java:335)
	at org.springframework.beans.factory.support.DefaultSingletonBeanRegistry.getSingleton(DefaultSingletonBeanRegistry.java:234)
	at org.springframework.beans.factory.support.AbstractBeanFactory.doGetBean(AbstractBeanFactory.java:333)
	at org.springframework.beans.factory.support.AbstractBeanFactory.getBean(AbstractBeanFactory.java:208)
	at org.springframework.beans.factory.config.DependencyDescriptor.resolveCandidate(DependencyDescriptor.java:276)
	at org.springframework.beans.factory.support.DefaultListableBeanFactory.doResolveDependency(DefaultListableBeanFactory.java:1380)
	at org.springframework.beans.factory.support.DefaultListableBeanFactory.resolveDependency(DefaultListableBeanFactory.java:1300)
	at org.springframework.beans.factory.support.ConstructorResolver.resolveAutowiredArgument(ConstructorResolver.java:887)
	at org.springframework.beans.factory.support.ConstructorResolver.createArgumentArray(ConstructorResolver.java:791)
	... 70 common frames omitted
Caused by: org.springframework.beans.factory.BeanCreationException: Error creating bean with name 'org.springframework.boot.autoconfigure.jdbc.DataSourceInitializerInvoker': Invocation of init method failed; nested exception is org.springframework.beans.factory.NoUniqueBeanDefinitionException: No qualifying bean of type 'javax.sql.DataSource' available: more than one 'primary' bean found among candidates: [coreDataSource, ds, orderDataSource]
	at org.springframework.beans.factory.support.AbstractAutowireCapableBeanFactory.initializeBean(AbstractAutowireCapableBeanFactory.java:1788)
	at org.springframework.beans.factory.support.AbstractAutowireCapableBeanFactory.doCreateBean(AbstractAutowireCapableBeanFactory.java:609)
	at org.springframework.beans.factory.support.AbstractAutowireCapableBeanFactory.createBean(AbstractAutowireCapableBeanFactory.java:531)
	at org.springframework.beans.factory.support.AbstractBeanFactory.lambda$doGetBean$0(AbstractBeanFactory.java:335)
	at org.springframework.beans.factory.support.DefaultSingletonBeanRegistry.getSingleton(DefaultSingletonBeanRegistry.java:234)
	at org.springframework.beans.factory.support.AbstractBeanFactory.doGetBean(AbstractBeanFactory.java:333)
	at org.springframework.beans.factory.support.AbstractBeanFactory.getBean(AbstractBeanFactory.java:233)
	at org.springframework.beans.factory.support.DefaultListableBeanFactory.resolveNamedBean(DefaultListableBeanFactory.java:1273)
	at org.springframework.beans.factory.support.DefaultListableBeanFactory.resolveNamedBean(DefaultListableBeanFactory.java:1234)
	at org.springframework.beans.factory.support.DefaultListableBeanFactory.resolveBean(DefaultListableBeanFactory.java:494)
	at org.springframework.beans.factory.support.DefaultListableBeanFactory.getBean(DefaultListableBeanFactory.java:349)
	at org.springframework.beans.factory.support.DefaultListableBeanFactory.getBean(DefaultListableBeanFactory.java:342)
	at org.springframework.boot.autoconfigure.jdbc.DataSourceInitializerPostProcessor.postProcessAfterInitialization(DataSourceInitializerPostProcessor.java:51)
	at org.springframework.beans.factory.support.AbstractAutowireCapableBeanFactory.applyBeanPostProcessorsAfterInitialization(AbstractAutowireCapableBeanFactory.java:444)
	at org.springframework.beans.factory.support.AbstractAutowireCapableBeanFactory.initializeBean(AbstractAutowireCapableBeanFactory.java:1792)
	at org.springframework.beans.factory.support.AbstractAutowireCapableBeanFactory.doCreateBean(AbstractAutowireCapableBeanFactory.java:609)
	... 80 common frames omitted
Caused by: org.springframework.beans.factory.NoUniqueBeanDefinitionException: No qualifying bean of type 'javax.sql.DataSource' available: more than one 'primary' bean found among candidates: [coreDataSource, ds, orderDataSource]
	at org.springframework.beans.factory.support.DefaultListableBeanFactory.determinePrimaryCandidate(DefaultListableBeanFactory.java:1664)
	at org.springframework.beans.factory.support.DefaultListableBeanFactory.determineAutowireCandidate(DefaultListableBeanFactory.java:1624)
	at org.springframework.beans.factory.support.DefaultListableBeanFactory.doResolveDependency(DefaultListableBeanFactory.java:1355)
	at org.springframework.beans.factory.support.DefaultListableBeanFactory$DependencyObjectProvider.getIfUnique(DefaultListableBeanFactory.java:2063)
	at org.springframework.boot.autoconfigure.jdbc.DataSourceInitializerInvoker.getDataSourceInitializer(DataSourceInitializerInvoker.java:98)
	at org.springframework.boot.autoconfigure.jdbc.DataSourceInitializerInvoker.afterPropertiesSet(DataSourceInitializerInvoker.java:61)
	at org.springframework.beans.factory.support.AbstractAutowireCapableBeanFactory.invokeInitMethods(AbstractAutowireCapableBeanFactory.java:1847)
	at org.springframework.beans.factory.support.AbstractAutowireCapableBeanFactory.initializeBean(AbstractAutowireCapableBeanFactory.java:1784)
	... 95 common frames omitted
2021-04-12 12:03:49.543 ERROR com.alibaba.druid.pool.DruidDataSource Line:1197 - testWhileIdle is true, validationQuery not set
2021-04-12 12:04:10.416 ERROR com.alibaba.druid.pool.DruidDataSource Line:1197 - testWhileIdle is true, validationQuery not set
2021-04-12 13:43:32.330 ERROR com.alibaba.druid.pool.DruidDataSource Line:1197 - testWhileIdle is true, validationQuery not set
2021-04-12 13:46:17.063 ERROR com.alibaba.druid.pool.DruidDataSource Line:2781 - create connection SQLException, url: jdbc:p6spy:mysql://127.0.0.1:3306/pintea-order?useUnicode=true&characterEncoding=utf-8&allowMultiQueries=true&serverTimezone=Asia/Shanghai, errorCode 0, state null
java.sql.SQLException: connect error, url jdbc:p6spy:mysql://127.0.0.1:3306/pintea-order?useUnicode=true&characterEncoding=utf-8&allowMultiQueries=true&serverTimezone=Asia/Shanghai, driverClass com.mysql.cj.jdbc.Driver
	at com.alibaba.druid.pool.DruidAbstractDataSource.createPhysicalConnection(DruidAbstractDataSource.java:1714)
	at com.alibaba.druid.pool.DruidDataSource$CreateConnectionThread.run(DruidDataSource.java:2779)
2021-04-12 13:46:17.064 ERROR com.alibaba.druid.pool.DruidDataSource Line:2781 - create connection SQLException, url: jdbc:p6spy:mysql://127.0.0.1:3306/pintea-order?useUnicode=true&characterEncoding=utf-8&allowMultiQueries=true&serverTimezone=Asia/Shanghai, errorCode 0, state null
java.sql.SQLException: connect error, url jdbc:p6spy:mysql://127.0.0.1:3306/pintea-order?useUnicode=true&characterEncoding=utf-8&allowMultiQueries=true&serverTimezone=Asia/Shanghai, driverClass com.mysql.cj.jdbc.Driver
	at com.alibaba.druid.pool.DruidAbstractDataSource.createPhysicalConnection(DruidAbstractDataSource.java:1714)
	at com.alibaba.druid.pool.DruidDataSource$CreateConnectionThread.run(DruidDataSource.java:2779)
2021-04-12 13:46:17.567 ERROR com.alibaba.druid.pool.DruidDataSource Line:2781 - create connection SQLException, url: jdbc:p6spy:mysql://127.0.0.1:3306/pintea-order?useUnicode=true&characterEncoding=utf-8&allowMultiQueries=true&serverTimezone=Asia/Shanghai, errorCode 0, state null
java.sql.SQLException: connect error, url jdbc:p6spy:mysql://127.0.0.1:3306/pintea-order?useUnicode=true&characterEncoding=utf-8&allowMultiQueries=true&serverTimezone=Asia/Shanghai, driverClass com.mysql.cj.jdbc.Driver
	at com.alibaba.druid.pool.DruidAbstractDataSource.createPhysicalConnection(DruidAbstractDataSource.java:1714)
	at com.alibaba.druid.pool.DruidDataSource$CreateConnectionThread.run(DruidDataSource.java:2779)
2021-04-12 13:46:18.075 ERROR com.alibaba.druid.pool.DruidDataSource Line:2781 - create connection SQLException, url: jdbc:p6spy:mysql://127.0.0.1:3306/pintea-order?useUnicode=true&characterEncoding=utf-8&allowMultiQueries=true&serverTimezone=Asia/Shanghai, errorCode 0, state null
java.sql.SQLException: connect error, url jdbc:p6spy:mysql://127.0.0.1:3306/pintea-order?useUnicode=true&characterEncoding=utf-8&allowMultiQueries=true&serverTimezone=Asia/Shanghai, driverClass com.mysql.cj.jdbc.Driver
	at com.alibaba.druid.pool.DruidAbstractDataSource.createPhysicalConnection(DruidAbstractDataSource.java:1714)
	at com.alibaba.druid.pool.DruidDataSource$CreateConnectionThread.run(DruidDataSource.java:2779)
2021-04-12 13:46:18.585 ERROR com.alibaba.druid.pool.DruidDataSource Line:2781 - create connection SQLException, url: jdbc:p6spy:mysql://127.0.0.1:3306/pintea-order?useUnicode=true&characterEncoding=utf-8&allowMultiQueries=true&serverTimezone=Asia/Shanghai, errorCode 0, state null
java.sql.SQLException: connect error, url jdbc:p6spy:mysql://127.0.0.1:3306/pintea-order?useUnicode=true&characterEncoding=utf-8&allowMultiQueries=true&serverTimezone=Asia/Shanghai, driverClass com.mysql.cj.jdbc.Driver
	at com.alibaba.druid.pool.DruidAbstractDataSource.createPhysicalConnection(DruidAbstractDataSource.java:1714)
	at com.alibaba.druid.pool.DruidDataSource$CreateConnectionThread.run(DruidDataSource.java:2779)
2021-04-12 13:46:19.095 ERROR com.alibaba.druid.pool.DruidDataSource Line:2781 - create connection SQLException, url: jdbc:p6spy:mysql://127.0.0.1:3306/pintea-order?useUnicode=true&characterEncoding=utf-8&allowMultiQueries=true&serverTimezone=Asia/Shanghai, errorCode 0, state null
java.sql.SQLException: connect error, url jdbc:p6spy:mysql://127.0.0.1:3306/pintea-order?useUnicode=true&characterEncoding=utf-8&allowMultiQueries=true&serverTimezone=Asia/Shanghai, driverClass com.mysql.cj.jdbc.Driver
	at com.alibaba.druid.pool.DruidAbstractDataSource.createPhysicalConnection(DruidAbstractDataSource.java:1714)
	at com.alibaba.druid.pool.DruidDataSource$CreateConnectionThread.run(DruidDataSource.java:2779)
2021-04-12 13:46:19.602 ERROR com.alibaba.druid.pool.DruidDataSource Line:2781 - create connection SQLException, url: jdbc:p6spy:mysql://127.0.0.1:3306/pintea-order?useUnicode=true&characterEncoding=utf-8&allowMultiQueries=true&serverTimezone=Asia/Shanghai, errorCode 0, state null
java.sql.SQLException: connect error, url jdbc:p6spy:mysql://127.0.0.1:3306/pintea-order?useUnicode=true&characterEncoding=utf-8&allowMultiQueries=true&serverTimezone=Asia/Shanghai, driverClass com.mysql.cj.jdbc.Driver
	at com.alibaba.druid.pool.DruidAbstractDataSource.createPhysicalConnection(DruidAbstractDataSource.java:1714)
	at com.alibaba.druid.pool.DruidDataSource$CreateConnectionThread.run(DruidDataSource.java:2779)
2021-04-12 13:46:20.111 ERROR com.alibaba.druid.pool.DruidDataSource Line:2781 - create connection SQLException, url: jdbc:p6spy:mysql://127.0.0.1:3306/pintea-order?useUnicode=true&characterEncoding=utf-8&allowMultiQueries=true&serverTimezone=Asia/Shanghai, errorCode 0, state null
java.sql.SQLException: connect error, url jdbc:p6spy:mysql://127.0.0.1:3306/pintea-order?useUnicode=true&characterEncoding=utf-8&allowMultiQueries=true&serverTimezone=Asia/Shanghai, driverClass com.mysql.cj.jdbc.Driver
	at com.alibaba.druid.pool.DruidAbstractDataSource.createPhysicalConnection(DruidAbstractDataSource.java:1714)
	at com.alibaba.druid.pool.DruidDataSource$CreateConnectionThread.run(DruidDataSource.java:2779)
2021-04-12 13:46:20.618 ERROR com.alibaba.druid.pool.DruidDataSource Line:2781 - create connection SQLException, url: jdbc:p6spy:mysql://127.0.0.1:3306/pintea-order?useUnicode=true&characterEncoding=utf-8&allowMultiQueries=true&serverTimezone=Asia/Shanghai, errorCode 0, state null
java.sql.SQLException: connect error, url jdbc:p6spy:mysql://127.0.0.1:3306/pintea-order?useUnicode=true&characterEncoding=utf-8&allowMultiQueries=true&serverTimezone=Asia/Shanghai, driverClass com.mysql.cj.jdbc.Driver
	at com.alibaba.druid.pool.DruidAbstractDataSource.createPhysicalConnection(DruidAbstractDataSource.java:1714)
	at com.alibaba.druid.pool.DruidDataSource$CreateConnectionThread.run(DruidDataSource.java:2779)
2021-04-12 13:46:21.126 ERROR com.alibaba.druid.pool.DruidDataSource Line:2781 - create connection SQLException, url: jdbc:p6spy:mysql://127.0.0.1:3306/pintea-order?useUnicode=true&characterEncoding=utf-8&allowMultiQueries=true&serverTimezone=Asia/Shanghai, errorCode 0, state null
java.sql.SQLException: connect error, url jdbc:p6spy:mysql://127.0.0.1:3306/pintea-order?useUnicode=true&characterEncoding=utf-8&allowMultiQueries=true&serverTimezone=Asia/Shanghai, driverClass com.mysql.cj.jdbc.Driver
	at com.alibaba.druid.pool.DruidAbstractDataSource.createPhysicalConnection(DruidAbstractDataSource.java:1714)
	at com.alibaba.druid.pool.DruidDataSource$CreateConnectionThread.run(DruidDataSource.java:2779)
2021-04-12 13:46:21.636 ERROR com.alibaba.druid.pool.DruidDataSource Line:2781 - create connection SQLException, url: jdbc:p6spy:mysql://127.0.0.1:3306/pintea-order?useUnicode=true&characterEncoding=utf-8&allowMultiQueries=true&serverTimezone=Asia/Shanghai, errorCode 0, state null
java.sql.SQLException: connect error, url jdbc:p6spy:mysql://127.0.0.1:3306/pintea-order?useUnicode=true&characterEncoding=utf-8&allowMultiQueries=true&serverTimezone=Asia/Shanghai, driverClass com.mysql.cj.jdbc.Driver
	at com.alibaba.druid.pool.DruidAbstractDataSource.createPhysicalConnection(DruidAbstractDataSource.java:1714)
	at com.alibaba.druid.pool.DruidDataSource$CreateConnectionThread.run(DruidDataSource.java:2779)
2021-04-12 13:46:22.147 ERROR com.alibaba.druid.pool.DruidDataSource Line:2781 - create connection SQLException, url: jdbc:p6spy:mysql://127.0.0.1:3306/pintea-order?useUnicode=true&characterEncoding=utf-8&allowMultiQueries=true&serverTimezone=Asia/Shanghai, errorCode 0, state null
java.sql.SQLException: connect error, url jdbc:p6spy:mysql://127.0.0.1:3306/pintea-order?useUnicode=true&characterEncoding=utf-8&allowMultiQueries=true&serverTimezone=Asia/Shanghai, driverClass com.mysql.cj.jdbc.Driver
	at com.alibaba.druid.pool.DruidAbstractDataSource.createPhysicalConnection(DruidAbstractDataSource.java:1714)
	at com.alibaba.druid.pool.DruidDataSource$CreateConnectionThread.run(DruidDataSource.java:2779)
2021-04-12 13:46:22.652 ERROR com.alibaba.druid.pool.DruidDataSource Line:2781 - create connection SQLException, url: jdbc:p6spy:mysql://127.0.0.1:3306/pintea-order?useUnicode=true&characterEncoding=utf-8&allowMultiQueries=true&serverTimezone=Asia/Shanghai, errorCode 0, state null
java.sql.SQLException: connect error, url jdbc:p6spy:mysql://127.0.0.1:3306/pintea-order?useUnicode=true&characterEncoding=utf-8&allowMultiQueries=true&serverTimezone=Asia/Shanghai, driverClass com.mysql.cj.jdbc.Driver
	at com.alibaba.druid.pool.DruidAbstractDataSource.createPhysicalConnection(DruidAbstractDataSource.java:1714)
	at com.alibaba.druid.pool.DruidDataSource$CreateConnectionThread.run(DruidDataSource.java:2779)
2021-04-12 13:46:23.158 ERROR com.alibaba.druid.pool.DruidDataSource Line:2781 - create connection SQLException, url: jdbc:p6spy:mysql://127.0.0.1:3306/pintea-order?useUnicode=true&characterEncoding=utf-8&allowMultiQueries=true&serverTimezone=Asia/Shanghai, errorCode 0, state null
java.sql.SQLException: connect error, url jdbc:p6spy:mysql://127.0.0.1:3306/pintea-order?useUnicode=true&characterEncoding=utf-8&allowMultiQueries=true&serverTimezone=Asia/Shanghai, driverClass com.mysql.cj.jdbc.Driver
	at com.alibaba.druid.pool.DruidAbstractDataSource.createPhysicalConnection(DruidAbstractDataSource.java:1714)
	at com.alibaba.druid.pool.DruidDataSource$CreateConnectionThread.run(DruidDataSource.java:2779)
2021-04-12 13:46:23.666 ERROR com.alibaba.druid.pool.DruidDataSource Line:2781 - create connection SQLException, url: jdbc:p6spy:mysql://127.0.0.1:3306/pintea-order?useUnicode=true&characterEncoding=utf-8&allowMultiQueries=true&serverTimezone=Asia/Shanghai, errorCode 0, state null
java.sql.SQLException: connect error, url jdbc:p6spy:mysql://127.0.0.1:3306/pintea-order?useUnicode=true&characterEncoding=utf-8&allowMultiQueries=true&serverTimezone=Asia/Shanghai, driverClass com.mysql.cj.jdbc.Driver
	at com.alibaba.druid.pool.DruidAbstractDataSource.createPhysicalConnection(DruidAbstractDataSource.java:1714)
	at com.alibaba.druid.pool.DruidDataSource$CreateConnectionThread.run(DruidDataSource.java:2779)
2021-04-12 13:46:24.173 ERROR com.alibaba.druid.pool.DruidDataSource Line:2781 - create connection SQLException, url: jdbc:p6spy:mysql://127.0.0.1:3306/pintea-order?useUnicode=true&characterEncoding=utf-8&allowMultiQueries=true&serverTimezone=Asia/Shanghai, errorCode 0, state null
java.sql.SQLException: connect error, url jdbc:p6spy:mysql://127.0.0.1:3306/pintea-order?useUnicode=true&characterEncoding=utf-8&allowMultiQueries=true&serverTimezone=Asia/Shanghai, driverClass com.mysql.cj.jdbc.Driver
	at com.alibaba.druid.pool.DruidAbstractDataSource.createPhysicalConnection(DruidAbstractDataSource.java:1714)
	at com.alibaba.druid.pool.DruidDataSource$CreateConnectionThread.run(DruidDataSource.java:2779)
2021-04-12 13:46:24.681 ERROR com.alibaba.druid.pool.DruidDataSource Line:2781 - create connection SQLException, url: jdbc:p6spy:mysql://127.0.0.1:3306/pintea-order?useUnicode=true&characterEncoding=utf-8&allowMultiQueries=true&serverTimezone=Asia/Shanghai, errorCode 0, state null
java.sql.SQLException: connect error, url jdbc:p6spy:mysql://127.0.0.1:3306/pintea-order?useUnicode=true&characterEncoding=utf-8&allowMultiQueries=true&serverTimezone=Asia/Shanghai, driverClass com.mysql.cj.jdbc.Driver
	at com.alibaba.druid.pool.DruidAbstractDataSource.createPhysicalConnection(DruidAbstractDataSource.java:1714)
	at com.alibaba.druid.pool.DruidDataSource$CreateConnectionThread.run(DruidDataSource.java:2779)
2021-04-12 13:46:25.189 ERROR com.alibaba.druid.pool.DruidDataSource Line:2781 - create connection SQLException, url: jdbc:p6spy:mysql://127.0.0.1:3306/pintea-order?useUnicode=true&characterEncoding=utf-8&allowMultiQueries=true&serverTimezone=Asia/Shanghai, errorCode 0, state null
java.sql.SQLException: connect error, url jdbc:p6spy:mysql://127.0.0.1:3306/pintea-order?useUnicode=true&characterEncoding=utf-8&allowMultiQueries=true&serverTimezone=Asia/Shanghai, driverClass com.mysql.cj.jdbc.Driver
	at com.alibaba.druid.pool.DruidAbstractDataSource.createPhysicalConnection(DruidAbstractDataSource.java:1714)
	at com.alibaba.druid.pool.DruidDataSource$CreateConnectionThread.run(DruidDataSource.java:2779)
2021-04-12 13:46:25.692 ERROR com.alibaba.druid.pool.DruidDataSource Line:2781 - create connection SQLException, url: jdbc:p6spy:mysql://127.0.0.1:3306/pintea-order?useUnicode=true&characterEncoding=utf-8&allowMultiQueries=true&serverTimezone=Asia/Shanghai, errorCode 0, state null
java.sql.SQLException: connect error, url jdbc:p6spy:mysql://127.0.0.1:3306/pintea-order?useUnicode=true&characterEncoding=utf-8&allowMultiQueries=true&serverTimezone=Asia/Shanghai, driverClass com.mysql.cj.jdbc.Driver
	at com.alibaba.druid.pool.DruidAbstractDataSource.createPhysicalConnection(DruidAbstractDataSource.java:1714)
	at com.alibaba.druid.pool.DruidDataSource$CreateConnectionThread.run(DruidDataSource.java:2779)
2021-04-12 13:46:26.202 ERROR com.alibaba.druid.pool.DruidDataSource Line:2781 - create connection SQLException, url: jdbc:p6spy:mysql://127.0.0.1:3306/pintea-order?useUnicode=true&characterEncoding=utf-8&allowMultiQueries=true&serverTimezone=Asia/Shanghai, errorCode 0, state null
java.sql.SQLException: connect error, url jdbc:p6spy:mysql://127.0.0.1:3306/pintea-order?useUnicode=true&characterEncoding=utf-8&allowMultiQueries=true&serverTimezone=Asia/Shanghai, driverClass com.mysql.cj.jdbc.Driver
	at com.alibaba.druid.pool.DruidAbstractDataSource.createPhysicalConnection(DruidAbstractDataSource.java:1714)
	at com.alibaba.druid.pool.DruidDataSource$CreateConnectionThread.run(DruidDataSource.java:2779)
2021-04-12 13:46:26.710 ERROR com.alibaba.druid.pool.DruidDataSource Line:2781 - create connection SQLException, url: jdbc:p6spy:mysql://127.0.0.1:3306/pintea-order?useUnicode=true&characterEncoding=utf-8&allowMultiQueries=true&serverTimezone=Asia/Shanghai, errorCode 0, state null
java.sql.SQLException: connect error, url jdbc:p6spy:mysql://127.0.0.1:3306/pintea-order?useUnicode=true&characterEncoding=utf-8&allowMultiQueries=true&serverTimezone=Asia/Shanghai, driverClass com.mysql.cj.jdbc.Driver
	at com.alibaba.druid.pool.DruidAbstractDataSource.createPhysicalConnection(DruidAbstractDataSource.java:1714)
	at com.alibaba.druid.pool.DruidDataSource$CreateConnectionThread.run(DruidDataSource.java:2779)
2021-04-12 13:46:27.216 ERROR com.alibaba.druid.pool.DruidDataSource Line:2781 - create connection SQLException, url: jdbc:p6spy:mysql://127.0.0.1:3306/pintea-order?useUnicode=true&characterEncoding=utf-8&allowMultiQueries=true&serverTimezone=Asia/Shanghai, errorCode 0, state null
java.sql.SQLException: connect error, url jdbc:p6spy:mysql://127.0.0.1:3306/pintea-order?useUnicode=true&characterEncoding=utf-8&allowMultiQueries=true&serverTimezone=Asia/Shanghai, driverClass com.mysql.cj.jdbc.Driver
	at com.alibaba.druid.pool.DruidAbstractDataSource.createPhysicalConnection(DruidAbstractDataSource.java:1714)
	at com.alibaba.druid.pool.DruidDataSource$CreateConnectionThread.run(DruidDataSource.java:2779)
2021-04-12 13:46:27.729 ERROR com.alibaba.druid.pool.DruidDataSource Line:2781 - create connection SQLException, url: jdbc:p6spy:mysql://127.0.0.1:3306/pintea-order?useUnicode=true&characterEncoding=utf-8&allowMultiQueries=true&serverTimezone=Asia/Shanghai, errorCode 0, state null
java.sql.SQLException: connect error, url jdbc:p6spy:mysql://127.0.0.1:3306/pintea-order?useUnicode=true&characterEncoding=utf-8&allowMultiQueries=true&serverTimezone=Asia/Shanghai, driverClass com.mysql.cj.jdbc.Driver
	at com.alibaba.druid.pool.DruidAbstractDataSource.createPhysicalConnection(DruidAbstractDataSource.java:1714)
	at com.alibaba.druid.pool.DruidDataSource$CreateConnectionThread.run(DruidDataSource.java:2779)
2021-04-12 13:46:28.235 ERROR com.alibaba.druid.pool.DruidDataSource Line:2781 - create connection SQLException, url: jdbc:p6spy:mysql://127.0.0.1:3306/pintea-order?useUnicode=true&characterEncoding=utf-8&allowMultiQueries=true&serverTimezone=Asia/Shanghai, errorCode 0, state null
java.sql.SQLException: connect error, url jdbc:p6spy:mysql://127.0.0.1:3306/pintea-order?useUnicode=true&characterEncoding=utf-8&allowMultiQueries=true&serverTimezone=Asia/Shanghai, driverClass com.mysql.cj.jdbc.Driver
	at com.alibaba.druid.pool.DruidAbstractDataSource.createPhysicalConnection(DruidAbstractDataSource.java:1714)
	at com.alibaba.druid.pool.DruidDataSource$CreateConnectionThread.run(DruidDataSource.java:2779)
2021-04-12 13:46:28.741 ERROR com.alibaba.druid.pool.DruidDataSource Line:2781 - create connection SQLException, url: jdbc:p6spy:mysql://127.0.0.1:3306/pintea-order?useUnicode=true&characterEncoding=utf-8&allowMultiQueries=true&serverTimezone=Asia/Shanghai, errorCode 0, state null
java.sql.SQLException: connect error, url jdbc:p6spy:mysql://127.0.0.1:3306/pintea-order?useUnicode=true&characterEncoding=utf-8&allowMultiQueries=true&serverTimezone=Asia/Shanghai, driverClass com.mysql.cj.jdbc.Driver
	at com.alibaba.druid.pool.DruidAbstractDataSource.createPhysicalConnection(DruidAbstractDataSource.java:1714)
	at com.alibaba.druid.pool.DruidDataSource$CreateConnectionThread.run(DruidDataSource.java:2779)
2021-04-12 13:46:29.251 ERROR com.alibaba.druid.pool.DruidDataSource Line:2781 - create connection SQLException, url: jdbc:p6spy:mysql://127.0.0.1:3306/pintea-order?useUnicode=true&characterEncoding=utf-8&allowMultiQueries=true&serverTimezone=Asia/Shanghai, errorCode 0, state null
java.sql.SQLException: connect error, url jdbc:p6spy:mysql://127.0.0.1:3306/pintea-order?useUnicode=true&characterEncoding=utf-8&allowMultiQueries=true&serverTimezone=Asia/Shanghai, driverClass com.mysql.cj.jdbc.Driver
	at com.alibaba.druid.pool.DruidAbstractDataSource.createPhysicalConnection(DruidAbstractDataSource.java:1714)
	at com.alibaba.druid.pool.DruidDataSource$CreateConnectionThread.run(DruidDataSource.java:2779)
2021-04-12 13:46:29.758 ERROR com.alibaba.druid.pool.DruidDataSource Line:2781 - create connection SQLException, url: jdbc:p6spy:mysql://127.0.0.1:3306/pintea-order?useUnicode=true&characterEncoding=utf-8&allowMultiQueries=true&serverTimezone=Asia/Shanghai, errorCode 0, state null
java.sql.SQLException: connect error, url jdbc:p6spy:mysql://127.0.0.1:3306/pintea-order?useUnicode=true&characterEncoding=utf-8&allowMultiQueries=true&serverTimezone=Asia/Shanghai, driverClass com.mysql.cj.jdbc.Driver
	at com.alibaba.druid.pool.DruidAbstractDataSource.createPhysicalConnection(DruidAbstractDataSource.java:1714)
	at com.alibaba.druid.pool.DruidDataSource$CreateConnectionThread.run(DruidDataSource.java:2779)
2021-04-12 13:46:30.266 ERROR com.alibaba.druid.pool.DruidDataSource Line:2781 - create connection SQLException, url: jdbc:p6spy:mysql://127.0.0.1:3306/pintea-order?useUnicode=true&characterEncoding=utf-8&allowMultiQueries=true&serverTimezone=Asia/Shanghai, errorCode 0, state null
java.sql.SQLException: connect error, url jdbc:p6spy:mysql://127.0.0.1:3306/pintea-order?useUnicode=true&characterEncoding=utf-8&allowMultiQueries=true&serverTimezone=Asia/Shanghai, driverClass com.mysql.cj.jdbc.Driver
	at com.alibaba.druid.pool.DruidAbstractDataSource.createPhysicalConnection(DruidAbstractDataSource.java:1714)
	at com.alibaba.druid.pool.DruidDataSource$CreateConnectionThread.run(DruidDataSource.java:2779)
2021-04-12 13:46:30.776 ERROR com.alibaba.druid.pool.DruidDataSource Line:2781 - create connection SQLException, url: jdbc:p6spy:mysql://127.0.0.1:3306/pintea-order?useUnicode=true&characterEncoding=utf-8&allowMultiQueries=true&serverTimezone=Asia/Shanghai, errorCode 0, state null
java.sql.SQLException: connect error, url jdbc:p6spy:mysql://127.0.0.1:3306/pintea-order?useUnicode=true&characterEncoding=utf-8&allowMultiQueries=true&serverTimezone=Asia/Shanghai, driverClass com.mysql.cj.jdbc.Driver
	at com.alibaba.druid.pool.DruidAbstractDataSource.createPhysicalConnection(DruidAbstractDataSource.java:1714)
	at com.alibaba.druid.pool.DruidDataSource$CreateConnectionThread.run(DruidDataSource.java:2779)
2021-04-12 13:46:31.283 ERROR com.alibaba.druid.pool.DruidDataSource Line:2781 - create connection SQLException, url: jdbc:p6spy:mysql://127.0.0.1:3306/pintea-order?useUnicode=true&characterEncoding=utf-8&allowMultiQueries=true&serverTimezone=Asia/Shanghai, errorCode 0, state null
java.sql.SQLException: connect error, url jdbc:p6spy:mysql://127.0.0.1:3306/pintea-order?useUnicode=true&characterEncoding=utf-8&allowMultiQueries=true&serverTimezone=Asia/Shanghai, driverClass com.mysql.cj.jdbc.Driver
	at com.alibaba.druid.pool.DruidAbstractDataSource.createPhysicalConnection(DruidAbstractDataSource.java:1714)
	at com.alibaba.druid.pool.DruidDataSource$CreateConnectionThread.run(DruidDataSource.java:2779)
2021-04-12 13:46:31.790 ERROR com.alibaba.druid.pool.DruidDataSource Line:2781 - create connection SQLException, url: jdbc:p6spy:mysql://127.0.0.1:3306/pintea-order?useUnicode=true&characterEncoding=utf-8&allowMultiQueries=true&serverTimezone=Asia/Shanghai, errorCode 0, state null
java.sql.SQLException: connect error, url jdbc:p6spy:mysql://127.0.0.1:3306/pintea-order?useUnicode=true&characterEncoding=utf-8&allowMultiQueries=true&serverTimezone=Asia/Shanghai, driverClass com.mysql.cj.jdbc.Driver
	at com.alibaba.druid.pool.DruidAbstractDataSource.createPhysicalConnection(DruidAbstractDataSource.java:1714)
	at com.alibaba.druid.pool.DruidDataSource$CreateConnectionThread.run(DruidDataSource.java:2779)
2021-04-12 13:46:32.296 ERROR com.alibaba.druid.pool.DruidDataSource Line:2781 - create connection SQLException, url: jdbc:p6spy:mysql://127.0.0.1:3306/pintea-order?useUnicode=true&characterEncoding=utf-8&allowMultiQueries=true&serverTimezone=Asia/Shanghai, errorCode 0, state null
java.sql.SQLException: connect error, url jdbc:p6spy:mysql://127.0.0.1:3306/pintea-order?useUnicode=true&characterEncoding=utf-8&allowMultiQueries=true&serverTimezone=Asia/Shanghai, driverClass com.mysql.cj.jdbc.Driver
	at com.alibaba.druid.pool.DruidAbstractDataSource.createPhysicalConnection(DruidAbstractDataSource.java:1714)
	at com.alibaba.druid.pool.DruidDataSource$CreateConnectionThread.run(DruidDataSource.java:2779)
2021-04-12 13:46:32.804 ERROR com.alibaba.druid.pool.DruidDataSource Line:2781 - create connection SQLException, url: jdbc:p6spy:mysql://127.0.0.1:3306/pintea-order?useUnicode=true&characterEncoding=utf-8&allowMultiQueries=true&serverTimezone=Asia/Shanghai, errorCode 0, state null
java.sql.SQLException: connect error, url jdbc:p6spy:mysql://127.0.0.1:3306/pintea-order?useUnicode=true&characterEncoding=utf-8&allowMultiQueries=true&serverTimezone=Asia/Shanghai, driverClass com.mysql.cj.jdbc.Driver
	at com.alibaba.druid.pool.DruidAbstractDataSource.createPhysicalConnection(DruidAbstractDataSource.java:1714)
	at com.alibaba.druid.pool.DruidDataSource$CreateConnectionThread.run(DruidDataSource.java:2779)
2021-04-12 13:46:33.307 ERROR com.alibaba.druid.pool.DruidDataSource Line:2781 - create connection SQLException, url: jdbc:p6spy:mysql://127.0.0.1:3306/pintea-order?useUnicode=true&characterEncoding=utf-8&allowMultiQueries=true&serverTimezone=Asia/Shanghai, errorCode 0, state null
java.sql.SQLException: connect error, url jdbc:p6spy:mysql://127.0.0.1:3306/pintea-order?useUnicode=true&characterEncoding=utf-8&allowMultiQueries=true&serverTimezone=Asia/Shanghai, driverClass com.mysql.cj.jdbc.Driver
	at com.alibaba.druid.pool.DruidAbstractDataSource.createPhysicalConnection(DruidAbstractDataSource.java:1714)
	at com.alibaba.druid.pool.DruidDataSource$CreateConnectionThread.run(DruidDataSource.java:2779)
2021-04-12 13:46:33.813 ERROR com.alibaba.druid.pool.DruidDataSource Line:2781 - create connection SQLException, url: jdbc:p6spy:mysql://127.0.0.1:3306/pintea-order?useUnicode=true&characterEncoding=utf-8&allowMultiQueries=true&serverTimezone=Asia/Shanghai, errorCode 0, state null
java.sql.SQLException: connect error, url jdbc:p6spy:mysql://127.0.0.1:3306/pintea-order?useUnicode=true&characterEncoding=utf-8&allowMultiQueries=true&serverTimezone=Asia/Shanghai, driverClass com.mysql.cj.jdbc.Driver
	at com.alibaba.druid.pool.DruidAbstractDataSource.createPhysicalConnection(DruidAbstractDataSource.java:1714)
	at com.alibaba.druid.pool.DruidDataSource$CreateConnectionThread.run(DruidDataSource.java:2779)
2021-04-12 13:46:34.321 ERROR com.alibaba.druid.pool.DruidDataSource Line:2781 - create connection SQLException, url: jdbc:p6spy:mysql://127.0.0.1:3306/pintea-order?useUnicode=true&characterEncoding=utf-8&allowMultiQueries=true&serverTimezone=Asia/Shanghai, errorCode 0, state null
java.sql.SQLException: connect error, url jdbc:p6spy:mysql://127.0.0.1:3306/pintea-order?useUnicode=true&characterEncoding=utf-8&allowMultiQueries=true&serverTimezone=Asia/Shanghai, driverClass com.mysql.cj.jdbc.Driver
	at com.alibaba.druid.pool.DruidAbstractDataSource.createPhysicalConnection(DruidAbstractDataSource.java:1714)
	at com.alibaba.druid.pool.DruidDataSource$CreateConnectionThread.run(DruidDataSource.java:2779)
2021-04-12 13:46:34.830 ERROR com.alibaba.druid.pool.DruidDataSource Line:2781 - create connection SQLException, url: jdbc:p6spy:mysql://127.0.0.1:3306/pintea-order?useUnicode=true&characterEncoding=utf-8&allowMultiQueries=true&serverTimezone=Asia/Shanghai, errorCode 0, state null
java.sql.SQLException: connect error, url jdbc:p6spy:mysql://127.0.0.1:3306/pintea-order?useUnicode=true&characterEncoding=utf-8&allowMultiQueries=true&serverTimezone=Asia/Shanghai, driverClass com.mysql.cj.jdbc.Driver
	at com.alibaba.druid.pool.DruidAbstractDataSource.createPhysicalConnection(DruidAbstractDataSource.java:1714)
	at com.alibaba.druid.pool.DruidDataSource$CreateConnectionThread.run(DruidDataSource.java:2779)
2021-04-12 13:46:35.339 ERROR com.alibaba.druid.pool.DruidDataSource Line:2781 - create connection SQLException, url: jdbc:p6spy:mysql://127.0.0.1:3306/pintea-order?useUnicode=true&characterEncoding=utf-8&allowMultiQueries=true&serverTimezone=Asia/Shanghai, errorCode 0, state null
java.sql.SQLException: connect error, url jdbc:p6spy:mysql://127.0.0.1:3306/pintea-order?useUnicode=true&characterEncoding=utf-8&allowMultiQueries=true&serverTimezone=Asia/Shanghai, driverClass com.mysql.cj.jdbc.Driver
	at com.alibaba.druid.pool.DruidAbstractDataSource.createPhysicalConnection(DruidAbstractDataSource.java:1714)
	at com.alibaba.druid.pool.DruidDataSource$CreateConnectionThread.run(DruidDataSource.java:2779)
2021-04-12 13:46:35.848 ERROR com.alibaba.druid.pool.DruidDataSource Line:2781 - create connection SQLException, url: jdbc:p6spy:mysql://127.0.0.1:3306/pintea-order?useUnicode=true&characterEncoding=utf-8&allowMultiQueries=true&serverTimezone=Asia/Shanghai, errorCode 0, state null
java.sql.SQLException: connect error, url jdbc:p6spy:mysql://127.0.0.1:3306/pintea-order?useUnicode=true&characterEncoding=utf-8&allowMultiQueries=true&serverTimezone=Asia/Shanghai, driverClass com.mysql.cj.jdbc.Driver
	at com.alibaba.druid.pool.DruidAbstractDataSource.createPhysicalConnection(DruidAbstractDataSource.java:1714)
	at com.alibaba.druid.pool.DruidDataSource$CreateConnectionThread.run(DruidDataSource.java:2779)
2021-04-12 13:46:36.352 ERROR com.alibaba.druid.pool.DruidDataSource Line:2781 - create connection SQLException, url: jdbc:p6spy:mysql://127.0.0.1:3306/pintea-order?useUnicode=true&characterEncoding=utf-8&allowMultiQueries=true&serverTimezone=Asia/Shanghai, errorCode 0, state null
java.sql.SQLException: connect error, url jdbc:p6spy:mysql://127.0.0.1:3306/pintea-order?useUnicode=true&characterEncoding=utf-8&allowMultiQueries=true&serverTimezone=Asia/Shanghai, driverClass com.mysql.cj.jdbc.Driver
	at com.alibaba.druid.pool.DruidAbstractDataSource.createPhysicalConnection(DruidAbstractDataSource.java:1714)
	at com.alibaba.druid.pool.DruidDataSource$CreateConnectionThread.run(DruidDataSource.java:2779)
2021-04-12 13:46:36.862 ERROR com.alibaba.druid.pool.DruidDataSource Line:2781 - create connection SQLException, url: jdbc:p6spy:mysql://127.0.0.1:3306/pintea-order?useUnicode=true&characterEncoding=utf-8&allowMultiQueries=true&serverTimezone=Asia/Shanghai, errorCode 0, state null
java.sql.SQLException: connect error, url jdbc:p6spy:mysql://127.0.0.1:3306/pintea-order?useUnicode=true&characterEncoding=utf-8&allowMultiQueries=true&serverTimezone=Asia/Shanghai, driverClass com.mysql.cj.jdbc.Driver
	at com.alibaba.druid.pool.DruidAbstractDataSource.createPhysicalConnection(DruidAbstractDataSource.java:1714)
	at com.alibaba.druid.pool.DruidDataSource$CreateConnectionThread.run(DruidDataSource.java:2779)
2021-04-12 13:46:37.368 ERROR com.alibaba.druid.pool.DruidDataSource Line:2781 - create connection SQLException, url: jdbc:p6spy:mysql://127.0.0.1:3306/pintea-order?useUnicode=true&characterEncoding=utf-8&allowMultiQueries=true&serverTimezone=Asia/Shanghai, errorCode 0, state null
java.sql.SQLException: connect error, url jdbc:p6spy:mysql://127.0.0.1:3306/pintea-order?useUnicode=true&characterEncoding=utf-8&allowMultiQueries=true&serverTimezone=Asia/Shanghai, driverClass com.mysql.cj.jdbc.Driver
	at com.alibaba.druid.pool.DruidAbstractDataSource.createPhysicalConnection(DruidAbstractDataSource.java:1714)
	at com.alibaba.druid.pool.DruidDataSource$CreateConnectionThread.run(DruidDataSource.java:2779)
2021-04-12 13:46:37.877 ERROR com.alibaba.druid.pool.DruidDataSource Line:2781 - create connection SQLException, url: jdbc:p6spy:mysql://127.0.0.1:3306/pintea-order?useUnicode=true&characterEncoding=utf-8&allowMultiQueries=true&serverTimezone=Asia/Shanghai, errorCode 0, state null
java.sql.SQLException: connect error, url jdbc:p6spy:mysql://127.0.0.1:3306/pintea-order?useUnicode=true&characterEncoding=utf-8&allowMultiQueries=true&serverTimezone=Asia/Shanghai, driverClass com.mysql.cj.jdbc.Driver
	at com.alibaba.druid.pool.DruidAbstractDataSource.createPhysicalConnection(DruidAbstractDataSource.java:1714)
	at com.alibaba.druid.pool.DruidDataSource$CreateConnectionThread.run(DruidDataSource.java:2779)
2021-04-12 13:46:38.387 ERROR com.alibaba.druid.pool.DruidDataSource Line:2781 - create connection SQLException, url: jdbc:p6spy:mysql://127.0.0.1:3306/pintea-order?useUnicode=true&characterEncoding=utf-8&allowMultiQueries=true&serverTimezone=Asia/Shanghai, errorCode 0, state null
java.sql.SQLException: connect error, url jdbc:p6spy:mysql://127.0.0.1:3306/pintea-order?useUnicode=true&characterEncoding=utf-8&allowMultiQueries=true&serverTimezone=Asia/Shanghai, driverClass com.mysql.cj.jdbc.Driver
	at com.alibaba.druid.pool.DruidAbstractDataSource.createPhysicalConnection(DruidAbstractDataSource.java:1714)
	at com.alibaba.druid.pool.DruidDataSource$CreateConnectionThread.run(DruidDataSource.java:2779)
2021-04-12 13:46:38.898 ERROR com.alibaba.druid.pool.DruidDataSource Line:2781 - create connection SQLException, url: jdbc:p6spy:mysql://127.0.0.1:3306/pintea-order?useUnicode=true&characterEncoding=utf-8&allowMultiQueries=true&serverTimezone=Asia/Shanghai, errorCode 0, state null
java.sql.SQLException: connect error, url jdbc:p6spy:mysql://127.0.0.1:3306/pintea-order?useUnicode=true&characterEncoding=utf-8&allowMultiQueries=true&serverTimezone=Asia/Shanghai, driverClass com.mysql.cj.jdbc.Driver
	at com.alibaba.druid.pool.DruidAbstractDataSource.createPhysicalConnection(DruidAbstractDataSource.java:1714)
	at com.alibaba.druid.pool.DruidDataSource$CreateConnectionThread.run(DruidDataSource.java:2779)
2021-04-12 13:46:39.407 ERROR com.alibaba.druid.pool.DruidDataSource Line:2781 - create connection SQLException, url: jdbc:p6spy:mysql://127.0.0.1:3306/pintea-order?useUnicode=true&characterEncoding=utf-8&allowMultiQueries=true&serverTimezone=Asia/Shanghai, errorCode 0, state null
java.sql.SQLException: connect error, url jdbc:p6spy:mysql://127.0.0.1:3306/pintea-order?useUnicode=true&characterEncoding=utf-8&allowMultiQueries=true&serverTimezone=Asia/Shanghai, driverClass com.mysql.cj.jdbc.Driver
	at com.alibaba.druid.pool.DruidAbstractDataSource.createPhysicalConnection(DruidAbstractDataSource.java:1714)
	at com.alibaba.druid.pool.DruidDataSource$CreateConnectionThread.run(DruidDataSource.java:2779)
2021-04-12 13:46:39.918 ERROR com.alibaba.druid.pool.DruidDataSource Line:2781 - create connection SQLException, url: jdbc:p6spy:mysql://127.0.0.1:3306/pintea-order?useUnicode=true&characterEncoding=utf-8&allowMultiQueries=true&serverTimezone=Asia/Shanghai, errorCode 0, state null
java.sql.SQLException: connect error, url jdbc:p6spy:mysql://127.0.0.1:3306/pintea-order?useUnicode=true&characterEncoding=utf-8&allowMultiQueries=true&serverTimezone=Asia/Shanghai, driverClass com.mysql.cj.jdbc.Driver
	at com.alibaba.druid.pool.DruidAbstractDataSource.createPhysicalConnection(DruidAbstractDataSource.java:1714)
	at com.alibaba.druid.pool.DruidDataSource$CreateConnectionThread.run(DruidDataSource.java:2779)
2021-04-12 13:46:40.422 ERROR com.alibaba.druid.pool.DruidDataSource Line:2781 - create connection SQLException, url: jdbc:p6spy:mysql://127.0.0.1:3306/pintea-order?useUnicode=true&characterEncoding=utf-8&allowMultiQueries=true&serverTimezone=Asia/Shanghai, errorCode 0, state null
java.sql.SQLException: connect error, url jdbc:p6spy:mysql://127.0.0.1:3306/pintea-order?useUnicode=true&characterEncoding=utf-8&allowMultiQueries=true&serverTimezone=Asia/Shanghai, driverClass com.mysql.cj.jdbc.Driver
	at com.alibaba.druid.pool.DruidAbstractDataSource.createPhysicalConnection(DruidAbstractDataSource.java:1714)
	at com.alibaba.druid.pool.DruidDataSource$CreateConnectionThread.run(DruidDataSource.java:2779)
2021-04-12 13:46:40.927 ERROR com.alibaba.druid.pool.DruidDataSource Line:2781 - create connection SQLException, url: jdbc:p6spy:mysql://127.0.0.1:3306/pintea-order?useUnicode=true&characterEncoding=utf-8&allowMultiQueries=true&serverTimezone=Asia/Shanghai, errorCode 0, state null
java.sql.SQLException: connect error, url jdbc:p6spy:mysql://127.0.0.1:3306/pintea-order?useUnicode=true&characterEncoding=utf-8&allowMultiQueries=true&serverTimezone=Asia/Shanghai, driverClass com.mysql.cj.jdbc.Driver
	at com.alibaba.druid.pool.DruidAbstractDataSource.createPhysicalConnection(DruidAbstractDataSource.java:1714)
	at com.alibaba.druid.pool.DruidDataSource$CreateConnectionThread.run(DruidDataSource.java:2779)
2021-04-12 13:46:41.431 ERROR com.alibaba.druid.pool.DruidDataSource Line:2781 - create connection SQLException, url: jdbc:p6spy:mysql://127.0.0.1:3306/pintea-order?useUnicode=true&characterEncoding=utf-8&allowMultiQueries=true&serverTimezone=Asia/Shanghai, errorCode 0, state null
java.sql.SQLException: connect error, url jdbc:p6spy:mysql://127.0.0.1:3306/pintea-order?useUnicode=true&characterEncoding=utf-8&allowMultiQueries=true&serverTimezone=Asia/Shanghai, driverClass com.mysql.cj.jdbc.Driver
	at com.alibaba.druid.pool.DruidAbstractDataSource.createPhysicalConnection(DruidAbstractDataSource.java:1714)
	at com.alibaba.druid.pool.DruidDataSource$CreateConnectionThread.run(DruidDataSource.java:2779)
2021-04-12 13:46:41.941 ERROR com.alibaba.druid.pool.DruidDataSource Line:2781 - create connection SQLException, url: jdbc:p6spy:mysql://127.0.0.1:3306/pintea-order?useUnicode=true&characterEncoding=utf-8&allowMultiQueries=true&serverTimezone=Asia/Shanghai, errorCode 0, state null
java.sql.SQLException: connect error, url jdbc:p6spy:mysql://127.0.0.1:3306/pintea-order?useUnicode=true&characterEncoding=utf-8&allowMultiQueries=true&serverTimezone=Asia/Shanghai, driverClass com.mysql.cj.jdbc.Driver
	at com.alibaba.druid.pool.DruidAbstractDataSource.createPhysicalConnection(DruidAbstractDataSource.java:1714)
	at com.alibaba.druid.pool.DruidDataSource$CreateConnectionThread.run(DruidDataSource.java:2779)
2021-04-12 13:46:42.447 ERROR com.alibaba.druid.pool.DruidDataSource Line:2781 - create connection SQLException, url: jdbc:p6spy:mysql://127.0.0.1:3306/pintea-order?useUnicode=true&characterEncoding=utf-8&allowMultiQueries=true&serverTimezone=Asia/Shanghai, errorCode 0, state null
java.sql.SQLException: connect error, url jdbc:p6spy:mysql://127.0.0.1:3306/pintea-order?useUnicode=true&characterEncoding=utf-8&allowMultiQueries=true&serverTimezone=Asia/Shanghai, driverClass com.mysql.cj.jdbc.Driver
	at com.alibaba.druid.pool.DruidAbstractDataSource.createPhysicalConnection(DruidAbstractDataSource.java:1714)
	at com.alibaba.druid.pool.DruidDataSource$CreateConnectionThread.run(DruidDataSource.java:2779)
2021-04-12 13:46:42.955 ERROR com.alibaba.druid.pool.DruidDataSource Line:2781 - create connection SQLException, url: jdbc:p6spy:mysql://127.0.0.1:3306/pintea-order?useUnicode=true&characterEncoding=utf-8&allowMultiQueries=true&serverTimezone=Asia/Shanghai, errorCode 0, state null
java.sql.SQLException: connect error, url jdbc:p6spy:mysql://127.0.0.1:3306/pintea-order?useUnicode=true&characterEncoding=utf-8&allowMultiQueries=true&serverTimezone=Asia/Shanghai, driverClass com.mysql.cj.jdbc.Driver
	at com.alibaba.druid.pool.DruidAbstractDataSource.createPhysicalConnection(DruidAbstractDataSource.java:1714)
	at com.alibaba.druid.pool.DruidDataSource$CreateConnectionThread.run(DruidDataSource.java:2779)
2021-04-12 13:46:43.462 ERROR com.alibaba.druid.pool.DruidDataSource Line:2781 - create connection SQLException, url: jdbc:p6spy:mysql://127.0.0.1:3306/pintea-order?useUnicode=true&characterEncoding=utf-8&allowMultiQueries=true&serverTimezone=Asia/Shanghai, errorCode 0, state null
java.sql.SQLException: connect error, url jdbc:p6spy:mysql://127.0.0.1:3306/pintea-order?useUnicode=true&characterEncoding=utf-8&allowMultiQueries=true&serverTimezone=Asia/Shanghai, driverClass com.mysql.cj.jdbc.Driver
	at com.alibaba.druid.pool.DruidAbstractDataSource.createPhysicalConnection(DruidAbstractDataSource.java:1714)
	at com.alibaba.druid.pool.DruidDataSource$CreateConnectionThread.run(DruidDataSource.java:2779)
2021-04-12 13:46:43.970 ERROR com.alibaba.druid.pool.DruidDataSource Line:2781 - create connection SQLException, url: jdbc:p6spy:mysql://127.0.0.1:3306/pintea-order?useUnicode=true&characterEncoding=utf-8&allowMultiQueries=true&serverTimezone=Asia/Shanghai, errorCode 0, state null
java.sql.SQLException: connect error, url jdbc:p6spy:mysql://127.0.0.1:3306/pintea-order?useUnicode=true&characterEncoding=utf-8&allowMultiQueries=true&serverTimezone=Asia/Shanghai, driverClass com.mysql.cj.jdbc.Driver
	at com.alibaba.druid.pool.DruidAbstractDataSource.createPhysicalConnection(DruidAbstractDataSource.java:1714)
	at com.alibaba.druid.pool.DruidDataSource$CreateConnectionThread.run(DruidDataSource.java:2779)
2021-04-12 13:46:44.478 ERROR com.alibaba.druid.pool.DruidDataSource Line:2781 - create connection SQLException, url: jdbc:p6spy:mysql://127.0.0.1:3306/pintea-order?useUnicode=true&characterEncoding=utf-8&allowMultiQueries=true&serverTimezone=Asia/Shanghai, errorCode 0, state null
java.sql.SQLException: connect error, url jdbc:p6spy:mysql://127.0.0.1:3306/pintea-order?useUnicode=true&characterEncoding=utf-8&allowMultiQueries=true&serverTimezone=Asia/Shanghai, driverClass com.mysql.cj.jdbc.Driver
	at com.alibaba.druid.pool.DruidAbstractDataSource.createPhysicalConnection(DruidAbstractDataSource.java:1714)
	at com.alibaba.druid.pool.DruidDataSource$CreateConnectionThread.run(DruidDataSource.java:2779)
2021-04-12 13:46:44.984 ERROR com.alibaba.druid.pool.DruidDataSource Line:2781 - create connection SQLException, url: jdbc:p6spy:mysql://127.0.0.1:3306/pintea-order?useUnicode=true&characterEncoding=utf-8&allowMultiQueries=true&serverTimezone=Asia/Shanghai, errorCode 0, state null
java.sql.SQLException: connect error, url jdbc:p6spy:mysql://127.0.0.1:3306/pintea-order?useUnicode=true&characterEncoding=utf-8&allowMultiQueries=true&serverTimezone=Asia/Shanghai, driverClass com.mysql.cj.jdbc.Driver
	at com.alibaba.druid.pool.DruidAbstractDataSource.createPhysicalConnection(DruidAbstractDataSource.java:1714)
	at com.alibaba.druid.pool.DruidDataSource$CreateConnectionThread.run(DruidDataSource.java:2779)
2021-04-12 13:46:45.491 ERROR com.alibaba.druid.pool.DruidDataSource Line:2781 - create connection SQLException, url: jdbc:p6spy:mysql://127.0.0.1:3306/pintea-order?useUnicode=true&characterEncoding=utf-8&allowMultiQueries=true&serverTimezone=Asia/Shanghai, errorCode 0, state null
java.sql.SQLException: connect error, url jdbc:p6spy:mysql://127.0.0.1:3306/pintea-order?useUnicode=true&characterEncoding=utf-8&allowMultiQueries=true&serverTimezone=Asia/Shanghai, driverClass com.mysql.cj.jdbc.Driver
	at com.alibaba.druid.pool.DruidAbstractDataSource.createPhysicalConnection(DruidAbstractDataSource.java:1714)
	at com.alibaba.druid.pool.DruidDataSource$CreateConnectionThread.run(DruidDataSource.java:2779)
2021-04-12 13:46:46.000 ERROR com.alibaba.druid.pool.DruidDataSource Line:2781 - create connection SQLException, url: jdbc:p6spy:mysql://127.0.0.1:3306/pintea-order?useUnicode=true&characterEncoding=utf-8&allowMultiQueries=true&serverTimezone=Asia/Shanghai, errorCode 0, state null
java.sql.SQLException: connect error, url jdbc:p6spy:mysql://127.0.0.1:3306/pintea-order?useUnicode=true&characterEncoding=utf-8&allowMultiQueries=true&serverTimezone=Asia/Shanghai, driverClass com.mysql.cj.jdbc.Driver
	at com.alibaba.druid.pool.DruidAbstractDataSource.createPhysicalConnection(DruidAbstractDataSource.java:1714)
	at com.alibaba.druid.pool.DruidDataSource$CreateConnectionThread.run(DruidDataSource.java:2779)
2021-04-12 13:46:46.509 ERROR com.alibaba.druid.pool.DruidDataSource Line:2781 - create connection SQLException, url: jdbc:p6spy:mysql://127.0.0.1:3306/pintea-order?useUnicode=true&characterEncoding=utf-8&allowMultiQueries=true&serverTimezone=Asia/Shanghai, errorCode 0, state null
java.sql.SQLException: connect error, url jdbc:p6spy:mysql://127.0.0.1:3306/pintea-order?useUnicode=true&characterEncoding=utf-8&allowMultiQueries=true&serverTimezone=Asia/Shanghai, driverClass com.mysql.cj.jdbc.Driver
	at com.alibaba.druid.pool.DruidAbstractDataSource.createPhysicalConnection(DruidAbstractDataSource.java:1714)
	at com.alibaba.druid.pool.DruidDataSource$CreateConnectionThread.run(DruidDataSource.java:2779)
2021-04-12 13:46:47.016 ERROR com.alibaba.druid.pool.DruidDataSource Line:2781 - create connection SQLException, url: jdbc:p6spy:mysql://127.0.0.1:3306/pintea-order?useUnicode=true&characterEncoding=utf-8&allowMultiQueries=true&serverTimezone=Asia/Shanghai, errorCode 0, state null
java.sql.SQLException: connect error, url jdbc:p6spy:mysql://127.0.0.1:3306/pintea-order?useUnicode=true&characterEncoding=utf-8&allowMultiQueries=true&serverTimezone=Asia/Shanghai, driverClass com.mysql.cj.jdbc.Driver
	at com.alibaba.druid.pool.DruidAbstractDataSource.createPhysicalConnection(DruidAbstractDataSource.java:1714)
	at com.alibaba.druid.pool.DruidDataSource$CreateConnectionThread.run(DruidDataSource.java:2779)
2021-04-12 13:46:47.521 ERROR com.alibaba.druid.pool.DruidDataSource Line:2781 - create connection SQLException, url: jdbc:p6spy:mysql://127.0.0.1:3306/pintea-order?useUnicode=true&characterEncoding=utf-8&allowMultiQueries=true&serverTimezone=Asia/Shanghai, errorCode 0, state null
java.sql.SQLException: connect error, url jdbc:p6spy:mysql://127.0.0.1:3306/pintea-order?useUnicode=true&characterEncoding=utf-8&allowMultiQueries=true&serverTimezone=Asia/Shanghai, driverClass com.mysql.cj.jdbc.Driver
	at com.alibaba.druid.pool.DruidAbstractDataSource.createPhysicalConnection(DruidAbstractDataSource.java:1714)
	at com.alibaba.druid.pool.DruidDataSource$CreateConnectionThread.run(DruidDataSource.java:2779)
2021-04-12 13:46:48.027 ERROR com.alibaba.druid.pool.DruidDataSource Line:2781 - create connection SQLException, url: jdbc:p6spy:mysql://127.0.0.1:3306/pintea-order?useUnicode=true&characterEncoding=utf-8&allowMultiQueries=true&serverTimezone=Asia/Shanghai, errorCode 0, state null
java.sql.SQLException: connect error, url jdbc:p6spy:mysql://127.0.0.1:3306/pintea-order?useUnicode=true&characterEncoding=utf-8&allowMultiQueries=true&serverTimezone=Asia/Shanghai, driverClass com.mysql.cj.jdbc.Driver
	at com.alibaba.druid.pool.DruidAbstractDataSource.createPhysicalConnection(DruidAbstractDataSource.java:1714)
	at com.alibaba.druid.pool.DruidDataSource$CreateConnectionThread.run(DruidDataSource.java:2779)
2021-04-12 13:46:48.535 ERROR com.alibaba.druid.pool.DruidDataSource Line:2781 - create connection SQLException, url: jdbc:p6spy:mysql://127.0.0.1:3306/pintea-order?useUnicode=true&characterEncoding=utf-8&allowMultiQueries=true&serverTimezone=Asia/Shanghai, errorCode 0, state null
java.sql.SQLException: connect error, url jdbc:p6spy:mysql://127.0.0.1:3306/pintea-order?useUnicode=true&characterEncoding=utf-8&allowMultiQueries=true&serverTimezone=Asia/Shanghai, driverClass com.mysql.cj.jdbc.Driver
	at com.alibaba.druid.pool.DruidAbstractDataSource.createPhysicalConnection(DruidAbstractDataSource.java:1714)
	at com.alibaba.druid.pool.DruidDataSource$CreateConnectionThread.run(DruidDataSource.java:2779)
2021-04-12 13:46:49.045 ERROR com.alibaba.druid.pool.DruidDataSource Line:2781 - create connection SQLException, url: jdbc:p6spy:mysql://127.0.0.1:3306/pintea-order?useUnicode=true&characterEncoding=utf-8&allowMultiQueries=true&serverTimezone=Asia/Shanghai, errorCode 0, state null
java.sql.SQLException: connect error, url jdbc:p6spy:mysql://127.0.0.1:3306/pintea-order?useUnicode=true&characterEncoding=utf-8&allowMultiQueries=true&serverTimezone=Asia/Shanghai, driverClass com.mysql.cj.jdbc.Driver
	at com.alibaba.druid.pool.DruidAbstractDataSource.createPhysicalConnection(DruidAbstractDataSource.java:1714)
	at com.alibaba.druid.pool.DruidDataSource$CreateConnectionThread.run(DruidDataSource.java:2779)
2021-04-12 13:46:49.556 ERROR com.alibaba.druid.pool.DruidDataSource Line:2781 - create connection SQLException, url: jdbc:p6spy:mysql://127.0.0.1:3306/pintea-order?useUnicode=true&characterEncoding=utf-8&allowMultiQueries=true&serverTimezone=Asia/Shanghai, errorCode 0, state null
java.sql.SQLException: connect error, url jdbc:p6spy:mysql://127.0.0.1:3306/pintea-order?useUnicode=true&characterEncoding=utf-8&allowMultiQueries=true&serverTimezone=Asia/Shanghai, driverClass com.mysql.cj.jdbc.Driver
	at com.alibaba.druid.pool.DruidAbstractDataSource.createPhysicalConnection(DruidAbstractDataSource.java:1714)
	at com.alibaba.druid.pool.DruidDataSource$CreateConnectionThread.run(DruidDataSource.java:2779)
2021-04-12 13:46:50.064 ERROR com.alibaba.druid.pool.DruidDataSource Line:2781 - create connection SQLException, url: jdbc:p6spy:mysql://127.0.0.1:3306/pintea-order?useUnicode=true&characterEncoding=utf-8&allowMultiQueries=true&serverTimezone=Asia/Shanghai, errorCode 0, state null
java.sql.SQLException: connect error, url jdbc:p6spy:mysql://127.0.0.1:3306/pintea-order?useUnicode=true&characterEncoding=utf-8&allowMultiQueries=true&serverTimezone=Asia/Shanghai, driverClass com.mysql.cj.jdbc.Driver
	at com.alibaba.druid.pool.DruidAbstractDataSource.createPhysicalConnection(DruidAbstractDataSource.java:1714)
	at com.alibaba.druid.pool.DruidDataSource$CreateConnectionThread.run(DruidDataSource.java:2779)
2021-04-12 13:46:50.573 ERROR com.alibaba.druid.pool.DruidDataSource Line:2781 - create connection SQLException, url: jdbc:p6spy:mysql://127.0.0.1:3306/pintea-order?useUnicode=true&characterEncoding=utf-8&allowMultiQueries=true&serverTimezone=Asia/Shanghai, errorCode 0, state null
java.sql.SQLException: connect error, url jdbc:p6spy:mysql://127.0.0.1:3306/pintea-order?useUnicode=true&characterEncoding=utf-8&allowMultiQueries=true&serverTimezone=Asia/Shanghai, driverClass com.mysql.cj.jdbc.Driver
	at com.alibaba.druid.pool.DruidAbstractDataSource.createPhysicalConnection(DruidAbstractDataSource.java:1714)
	at com.alibaba.druid.pool.DruidDataSource$CreateConnectionThread.run(DruidDataSource.java:2779)
2021-04-12 13:46:51.079 ERROR com.alibaba.druid.pool.DruidDataSource Line:2781 - create connection SQLException, url: jdbc:p6spy:mysql://127.0.0.1:3306/pintea-order?useUnicode=true&characterEncoding=utf-8&allowMultiQueries=true&serverTimezone=Asia/Shanghai, errorCode 0, state null
java.sql.SQLException: connect error, url jdbc:p6spy:mysql://127.0.0.1:3306/pintea-order?useUnicode=true&characterEncoding=utf-8&allowMultiQueries=true&serverTimezone=Asia/Shanghai, driverClass com.mysql.cj.jdbc.Driver
	at com.alibaba.druid.pool.DruidAbstractDataSource.createPhysicalConnection(DruidAbstractDataSource.java:1714)
	at com.alibaba.druid.pool.DruidDataSource$CreateConnectionThread.run(DruidDataSource.java:2779)
2021-04-12 13:46:51.585 ERROR com.alibaba.druid.pool.DruidDataSource Line:2781 - create connection SQLException, url: jdbc:p6spy:mysql://127.0.0.1:3306/pintea-order?useUnicode=true&characterEncoding=utf-8&allowMultiQueries=true&serverTimezone=Asia/Shanghai, errorCode 0, state null
java.sql.SQLException: connect error, url jdbc:p6spy:mysql://127.0.0.1:3306/pintea-order?useUnicode=true&characterEncoding=utf-8&allowMultiQueries=true&serverTimezone=Asia/Shanghai, driverClass com.mysql.cj.jdbc.Driver
	at com.alibaba.druid.pool.DruidAbstractDataSource.createPhysicalConnection(DruidAbstractDataSource.java:1714)
	at com.alibaba.druid.pool.DruidDataSource$CreateConnectionThread.run(DruidDataSource.java:2779)
2021-04-12 13:46:52.094 ERROR com.alibaba.druid.pool.DruidDataSource Line:2781 - create connection SQLException, url: jdbc:p6spy:mysql://127.0.0.1:3306/pintea-order?useUnicode=true&characterEncoding=utf-8&allowMultiQueries=true&serverTimezone=Asia/Shanghai, errorCode 0, state null
java.sql.SQLException: connect error, url jdbc:p6spy:mysql://127.0.0.1:3306/pintea-order?useUnicode=true&characterEncoding=utf-8&allowMultiQueries=true&serverTimezone=Asia/Shanghai, driverClass com.mysql.cj.jdbc.Driver
	at com.alibaba.druid.pool.DruidAbstractDataSource.createPhysicalConnection(DruidAbstractDataSource.java:1714)
	at com.alibaba.druid.pool.DruidDataSource$CreateConnectionThread.run(DruidDataSource.java:2779)
2021-04-12 13:46:52.601 ERROR com.alibaba.druid.pool.DruidDataSource Line:2781 - create connection SQLException, url: jdbc:p6spy:mysql://127.0.0.1:3306/pintea-order?useUnicode=true&characterEncoding=utf-8&allowMultiQueries=true&serverTimezone=Asia/Shanghai, errorCode 0, state null
java.sql.SQLException: connect error, url jdbc:p6spy:mysql://127.0.0.1:3306/pintea-order?useUnicode=true&characterEncoding=utf-8&allowMultiQueries=true&serverTimezone=Asia/Shanghai, driverClass com.mysql.cj.jdbc.Driver
	at com.alibaba.druid.pool.DruidAbstractDataSource.createPhysicalConnection(DruidAbstractDataSource.java:1714)
	at com.alibaba.druid.pool.DruidDataSource$CreateConnectionThread.run(DruidDataSource.java:2779)
2021-04-12 13:46:53.113 ERROR com.alibaba.druid.pool.DruidDataSource Line:2781 - create connection SQLException, url: jdbc:p6spy:mysql://127.0.0.1:3306/pintea-order?useUnicode=true&characterEncoding=utf-8&allowMultiQueries=true&serverTimezone=Asia/Shanghai, errorCode 0, state null
java.sql.SQLException: connect error, url jdbc:p6spy:mysql://127.0.0.1:3306/pintea-order?useUnicode=true&characterEncoding=utf-8&allowMultiQueries=true&serverTimezone=Asia/Shanghai, driverClass com.mysql.cj.jdbc.Driver
	at com.alibaba.druid.pool.DruidAbstractDataSource.createPhysicalConnection(DruidAbstractDataSource.java:1714)
	at com.alibaba.druid.pool.DruidDataSource$CreateConnectionThread.run(DruidDataSource.java:2779)
2021-04-12 13:46:53.623 ERROR com.alibaba.druid.pool.DruidDataSource Line:2781 - create connection SQLException, url: jdbc:p6spy:mysql://127.0.0.1:3306/pintea-order?useUnicode=true&characterEncoding=utf-8&allowMultiQueries=true&serverTimezone=Asia/Shanghai, errorCode 0, state null
java.sql.SQLException: connect error, url jdbc:p6spy:mysql://127.0.0.1:3306/pintea-order?useUnicode=true&characterEncoding=utf-8&allowMultiQueries=true&serverTimezone=Asia/Shanghai, driverClass com.mysql.cj.jdbc.Driver
	at com.alibaba.druid.pool.DruidAbstractDataSource.createPhysicalConnection(DruidAbstractDataSource.java:1714)
	at com.alibaba.druid.pool.DruidDataSource$CreateConnectionThread.run(DruidDataSource.java:2779)
2021-04-12 13:46:54.128 ERROR com.alibaba.druid.pool.DruidDataSource Line:2781 - create connection SQLException, url: jdbc:p6spy:mysql://127.0.0.1:3306/pintea-order?useUnicode=true&characterEncoding=utf-8&allowMultiQueries=true&serverTimezone=Asia/Shanghai, errorCode 0, state null
java.sql.SQLException: connect error, url jdbc:p6spy:mysql://127.0.0.1:3306/pintea-order?useUnicode=true&characterEncoding=utf-8&allowMultiQueries=true&serverTimezone=Asia/Shanghai, driverClass com.mysql.cj.jdbc.Driver
	at com.alibaba.druid.pool.DruidAbstractDataSource.createPhysicalConnection(DruidAbstractDataSource.java:1714)
	at com.alibaba.druid.pool.DruidDataSource$CreateConnectionThread.run(DruidDataSource.java:2779)
2021-04-12 13:46:54.636 ERROR com.alibaba.druid.pool.DruidDataSource Line:2781 - create connection SQLException, url: jdbc:p6spy:mysql://127.0.0.1:3306/pintea-order?useUnicode=true&characterEncoding=utf-8&allowMultiQueries=true&serverTimezone=Asia/Shanghai, errorCode 0, state null
java.sql.SQLException: connect error, url jdbc:p6spy:mysql://127.0.0.1:3306/pintea-order?useUnicode=true&characterEncoding=utf-8&allowMultiQueries=true&serverTimezone=Asia/Shanghai, driverClass com.mysql.cj.jdbc.Driver
	at com.alibaba.druid.pool.DruidAbstractDataSource.createPhysicalConnection(DruidAbstractDataSource.java:1714)
	at com.alibaba.druid.pool.DruidDataSource$CreateConnectionThread.run(DruidDataSource.java:2779)
2021-04-12 13:46:55.145 ERROR com.alibaba.druid.pool.DruidDataSource Line:2781 - create connection SQLException, url: jdbc:p6spy:mysql://127.0.0.1:3306/pintea-order?useUnicode=true&characterEncoding=utf-8&allowMultiQueries=true&serverTimezone=Asia/Shanghai, errorCode 0, state null
java.sql.SQLException: connect error, url jdbc:p6spy:mysql://127.0.0.1:3306/pintea-order?useUnicode=true&characterEncoding=utf-8&allowMultiQueries=true&serverTimezone=Asia/Shanghai, driverClass com.mysql.cj.jdbc.Driver
	at com.alibaba.druid.pool.DruidAbstractDataSource.createPhysicalConnection(DruidAbstractDataSource.java:1714)
	at com.alibaba.druid.pool.DruidDataSource$CreateConnectionThread.run(DruidDataSource.java:2779)
2021-04-12 13:46:55.653 ERROR com.alibaba.druid.pool.DruidDataSource Line:2781 - create connection SQLException, url: jdbc:p6spy:mysql://127.0.0.1:3306/pintea-order?useUnicode=true&characterEncoding=utf-8&allowMultiQueries=true&serverTimezone=Asia/Shanghai, errorCode 0, state null
java.sql.SQLException: connect error, url jdbc:p6spy:mysql://127.0.0.1:3306/pintea-order?useUnicode=true&characterEncoding=utf-8&allowMultiQueries=true&serverTimezone=Asia/Shanghai, driverClass com.mysql.cj.jdbc.Driver
	at com.alibaba.druid.pool.DruidAbstractDataSource.createPhysicalConnection(DruidAbstractDataSource.java:1714)
	at com.alibaba.druid.pool.DruidDataSource$CreateConnectionThread.run(DruidDataSource.java:2779)
2021-04-12 13:46:56.162 ERROR com.alibaba.druid.pool.DruidDataSource Line:2781 - create connection SQLException, url: jdbc:p6spy:mysql://127.0.0.1:3306/pintea-order?useUnicode=true&characterEncoding=utf-8&allowMultiQueries=true&serverTimezone=Asia/Shanghai, errorCode 0, state null
java.sql.SQLException: connect error, url jdbc:p6spy:mysql://127.0.0.1:3306/pintea-order?useUnicode=true&characterEncoding=utf-8&allowMultiQueries=true&serverTimezone=Asia/Shanghai, driverClass com.mysql.cj.jdbc.Driver
	at com.alibaba.druid.pool.DruidAbstractDataSource.createPhysicalConnection(DruidAbstractDataSource.java:1714)
	at com.alibaba.druid.pool.DruidDataSource$CreateConnectionThread.run(DruidDataSource.java:2779)
2021-04-12 13:46:56.669 ERROR com.alibaba.druid.pool.DruidDataSource Line:2781 - create connection SQLException, url: jdbc:p6spy:mysql://127.0.0.1:3306/pintea-order?useUnicode=true&characterEncoding=utf-8&allowMultiQueries=true&serverTimezone=Asia/Shanghai, errorCode 0, state null
java.sql.SQLException: connect error, url jdbc:p6spy:mysql://127.0.0.1:3306/pintea-order?useUnicode=true&characterEncoding=utf-8&allowMultiQueries=true&serverTimezone=Asia/Shanghai, driverClass com.mysql.cj.jdbc.Driver
	at com.alibaba.druid.pool.DruidAbstractDataSource.createPhysicalConnection(DruidAbstractDataSource.java:1714)
	at com.alibaba.druid.pool.DruidDataSource$CreateConnectionThread.run(DruidDataSource.java:2779)
2021-04-12 13:46:57.179 ERROR com.alibaba.druid.pool.DruidDataSource Line:2781 - create connection SQLException, url: jdbc:p6spy:mysql://127.0.0.1:3306/pintea-order?useUnicode=true&characterEncoding=utf-8&allowMultiQueries=true&serverTimezone=Asia/Shanghai, errorCode 0, state null
java.sql.SQLException: connect error, url jdbc:p6spy:mysql://127.0.0.1:3306/pintea-order?useUnicode=true&characterEncoding=utf-8&allowMultiQueries=true&serverTimezone=Asia/Shanghai, driverClass com.mysql.cj.jdbc.Driver
	at com.alibaba.druid.pool.DruidAbstractDataSource.createPhysicalConnection(DruidAbstractDataSource.java:1714)
	at com.alibaba.druid.pool.DruidDataSource$CreateConnectionThread.run(DruidDataSource.java:2779)
2021-04-12 13:46:57.687 ERROR com.alibaba.druid.pool.DruidDataSource Line:2781 - create connection SQLException, url: jdbc:p6spy:mysql://127.0.0.1:3306/pintea-order?useUnicode=true&characterEncoding=utf-8&allowMultiQueries=true&serverTimezone=Asia/Shanghai, errorCode 0, state null
java.sql.SQLException: connect error, url jdbc:p6spy:mysql://127.0.0.1:3306/pintea-order?useUnicode=true&characterEncoding=utf-8&allowMultiQueries=true&serverTimezone=Asia/Shanghai, driverClass com.mysql.cj.jdbc.Driver
	at com.alibaba.druid.pool.DruidAbstractDataSource.createPhysicalConnection(DruidAbstractDataSource.java:1714)
	at com.alibaba.druid.pool.DruidDataSource$CreateConnectionThread.run(DruidDataSource.java:2779)
2021-04-12 13:46:58.193 ERROR com.alibaba.druid.pool.DruidDataSource Line:2781 - create connection SQLException, url: jdbc:p6spy:mysql://127.0.0.1:3306/pintea-order?useUnicode=true&characterEncoding=utf-8&allowMultiQueries=true&serverTimezone=Asia/Shanghai, errorCode 0, state null
java.sql.SQLException: connect error, url jdbc:p6spy:mysql://127.0.0.1:3306/pintea-order?useUnicode=true&characterEncoding=utf-8&allowMultiQueries=true&serverTimezone=Asia/Shanghai, driverClass com.mysql.cj.jdbc.Driver
	at com.alibaba.druid.pool.DruidAbstractDataSource.createPhysicalConnection(DruidAbstractDataSource.java:1714)
	at com.alibaba.druid.pool.DruidDataSource$CreateConnectionThread.run(DruidDataSource.java:2779)
2021-04-12 13:46:58.702 ERROR com.alibaba.druid.pool.DruidDataSource Line:2781 - create connection SQLException, url: jdbc:p6spy:mysql://127.0.0.1:3306/pintea-order?useUnicode=true&characterEncoding=utf-8&allowMultiQueries=true&serverTimezone=Asia/Shanghai, errorCode 0, state null
java.sql.SQLException: connect error, url jdbc:p6spy:mysql://127.0.0.1:3306/pintea-order?useUnicode=true&characterEncoding=utf-8&allowMultiQueries=true&serverTimezone=Asia/Shanghai, driverClass com.mysql.cj.jdbc.Driver
	at com.alibaba.druid.pool.DruidAbstractDataSource.createPhysicalConnection(DruidAbstractDataSource.java:1714)
	at com.alibaba.druid.pool.DruidDataSource$CreateConnectionThread.run(DruidDataSource.java:2779)
2021-04-12 13:46:59.209 ERROR com.alibaba.druid.pool.DruidDataSource Line:2781 - create connection SQLException, url: jdbc:p6spy:mysql://127.0.0.1:3306/pintea-order?useUnicode=true&characterEncoding=utf-8&allowMultiQueries=true&serverTimezone=Asia/Shanghai, errorCode 0, state null
java.sql.SQLException: connect error, url jdbc:p6spy:mysql://127.0.0.1:3306/pintea-order?useUnicode=true&characterEncoding=utf-8&allowMultiQueries=true&serverTimezone=Asia/Shanghai, driverClass com.mysql.cj.jdbc.Driver
	at com.alibaba.druid.pool.DruidAbstractDataSource.createPhysicalConnection(DruidAbstractDataSource.java:1714)
	at com.alibaba.druid.pool.DruidDataSource$CreateConnectionThread.run(DruidDataSource.java:2779)
2021-04-12 14:10:35.942 ERROR org.springframework.boot.diagnostics.LoggingFailureAnalysisReporter Line:40  - 

***************************
APPLICATION FAILED TO START
***************************

Description:

Field mybatisPlusConfig in com.hins.core.config.db.CoreDatabaseConfig required a bean of type 'com.hins.core.config.mybatisplus.MybatisPlusConfig' that could not be found.

The injection point has the following annotations:
	- @org.springframework.beans.factory.annotation.Autowired(required=true)


Action:

Consider defining a bean of type 'com.hins.core.config.mybatisplus.MybatisPlusConfig' in your configuration.

